<?xml version="1.0" encoding="UTF-8"?>
<!-- Generated by org.testng.reporters.JUnitReportReporter -->
<testsuite hostname="MOT-32333-L" failures="0" tests="2" name="nadeem.Reports" time="109.774" errors="0" timestamp="2025-05-09T15:33:48 IST" skipped="0">
  <testcase classname="nadeem.Reports" name="Verify_user_login_and_clicks_on_RDD" time="26.213"/>
  <testcase classname="nadeem.Reports" name="reports" time="83.561">
    <system-out>
      <![CDATA[<h3>Execution Report</h3>
<table border='1' style='border-collapse: collapse; width: 75%; text-align: center;'>
<tr><th>Sr. No</th><th>Test Case</th><th>Status</th><th>Time Taken (ms)</th></tr>
<tr><td>1</td><td>Check Report status</td><td style='background-color: green;color: white; font-weight: bold;'>Pass</td><td>2606</td></tr>
<tr><td>2</td><td>Holding Summary All Assets Report</td><td style='background-color: green;color: white; font-weight: bold;'>Pass</td><td>3106</td></tr>
<tr><td>3</td><td>Transaction Summary Report</td><td style='background-color: green;color: white; font-weight: bold;'>Pass</td><td>2104</td></tr>
<tr><td>4</td><td>Capital Gains Report</td><td style='background-color: green;color: white; font-weight: bold;'>Pass</td><td>1471</td></tr>
<tr><td>5</td><td>Ledger Report</td><td style='background-color: green;color: white; font-weight: bold;'>Pass</td><td>2054</td></tr>
<tr><td>6</td><td>Trade History Report</td><td style='background-color: green;color: white; font-weight: bold;'>Pass</td><td>1098</td></tr>
<tr><td>7</td><td>P&L Report</td><td style='background-color: green;color: white; font-weight: bold;'>Pass</td><td>3620</td></tr>
<tr><td>8</td><td>Contract Report</td><td style='background-color: green;color: white; font-weight: bold;'>Pass</td><td>4099</td></tr>
</table>]]>
    </system-out>
  </testcase> <!-- reports -->
  <system-out>
    <![CDATA[<h3>Execution Report</h3>
<table border='1' style='border-collapse: collapse; width: 75%; text-align: center;'>
<tr><th>Sr. No</th><th>Test Case</th><th>Status</th><th>Time Taken (ms)</th></tr>
<tr><td>1</td><td>Check Report status</td><td style='background-color: green;color: white; font-weight: bold;'>Pass</td><td>2606</td></tr>
<tr><td>2</td><td>Holding Summary All Assets Report</td><td style='background-color: green;color: white; font-weight: bold;'>Pass</td><td>3106</td></tr>
<tr><td>3</td><td>Transaction Summary Report</td><td style='background-color: green;color: white; font-weight: bold;'>Pass</td><td>2104</td></tr>
<tr><td>4</td><td>Capital Gains Report</td><td style='background-color: green;color: white; font-weight: bold;'>Pass</td><td>1471</td></tr>
<tr><td>5</td><td>Ledger Report</td><td style='background-color: green;color: white; font-weight: bold;'>Pass</td><td>2054</td></tr>
<tr><td>6</td><td>Trade History Report</td><td style='background-color: green;color: white; font-weight: bold;'>Pass</td><td>1098</td></tr>
<tr><td>7</td><td>P&L Report</td><td style='background-color: green;color: white; font-weight: bold;'>Pass</td><td>3620</td></tr>
<tr><td>8</td><td>Contract Report</td><td style='background-color: green;color: white; font-weight: bold;'>Pass</td><td>4099</td></tr>
</table>]]>
  </system-out>
</testsuite> <!-- nadeem.Reports -->
