<?xml version="1.0" encoding="UTF-8"?>
<!-- Generated by org.testng.reporters.JUnitReportReporter -->
<testsuite hostname="MOT-32333-L" failures="0" tests="19" name="nadeem.MoRise" time="144.683" errors="0" timestamp="2025-03-10T16:19:31 IST" skipped="1">
  <testcase classname="nadeem.MoRise" name="Verify_user_login_and_clicks_on_RDD" time="25.230"/>
  <testcase classname="nadeem.MoRise" name="Verify_Global_search_result" time="9.985">
    <system-out>
      <![CDATA[<h3>Global_Search_Results</h3>
<table border='1' style='border-collapse: collapse; width: 75%; text-align: center;'>
<tr><th>Iteration Count</th><th>Time Taken (ms)</th><th>Status</th></tr>
<tr><td>1</td><td>2944</td><td style='background-color: green;color: white; font-weight: bold;'>Pass</td></tr>
</table>]]>
    </system-out>
  </testcase> <!-- Verify_Global_search_result -->
  <testcase classname="nadeem.MoRise" name="Verify_homepage_portfolio_snapshot" time="10.532">
    <system-out>
      <![CDATA[<h3>Homepage_portfolio_snap</h3>
<table border='1' style='border-collapse: collapse; width: 75%; text-align: center;'>
<tr><th>Iteration Count</th><th>Time Taken (ms)</th><th>Status</th></tr>
<tr><td>1</td><td>220</td><td style='background-color: green;color: white; font-weight: bold;'>Pass</td></tr>
</table>]]>
    </system-out>
  </testcase> <!-- Verify_homepage_portfolio_snapshot -->
  <testcase classname="nadeem.MoRise" name="Verify_Stock_homepage_Portfolio_Snapshot" time="5.992">
    <system-out>
      <![CDATA[<h3>Stocks_homepage_portfolio_snap</h3>
<table border='1' style='border-collapse: collapse; width: 75%; text-align: center;'>
<tr><th>Iteration Count</th><th>Time Taken (ms)</th><th>Status</th></tr>
<tr><td>1</td><td>632</td><td style='background-color: green;color: white; font-weight: bold;'>Pass</td></tr>
</table>]]>
    </system-out>
  </testcase> <!-- Verify_Stock_homepage_Portfolio_Snapshot -->
  <testcase classname="nadeem.MoRise" name="Verify_MF_homepage_Portfolio_Snapshot" time="8.255">
    <system-out>
      <![CDATA[<h3>mf_homepage_portfolio_snap</h3>
<table border='1' style='border-collapse: collapse; width: 75%; text-align: center;'>
<tr><th>Iteration Count</th><th>Time Taken (ms)</th><th>Status</th></tr>
<tr><td>1</td><td>192</td><td style='background-color: green;color: white; font-weight: bold;'>Pass</td></tr>
</table>]]>
    </system-out>
  </testcase> <!-- Verify_MF_homepage_Portfolio_Snapshot -->
  <testcase classname="nadeem.MoRise" name="Verify_User_clicks_on_watchlist" time="10.582">
    <system-out>
      <![CDATA[<h3>Watchlist</h3>
<table border='1' style='border-collapse: collapse; width: 75%; text-align: center;'>
<tr><th>Iteration Count</th><th>Time Taken (ms)</th><th>Status</th></tr>
<tr><td>1</td><td>1072</td><td style='background-color: green;color: white; font-weight: bold;'>Pass</td></tr>
</table>]]>
    </system-out>
  </testcase> <!-- Verify_User_clicks_on_watchlist -->
  <testcase classname="nadeem.MoRise" name="Verify_User_clicks_on_Option_watchlist" time="9.150">
    <system-out>
      <![CDATA[<h3>Option_Watchlist</h3>
<table border='1' style='border-collapse: collapse; width: 75%; text-align: center;'>
<tr><th>Iteration Count</th><th>Time Taken (ms)</th><th>Status</th></tr>
<tr><td>1</td><td>248</td><td style='background-color: green;color: white; font-weight: bold;'>Pass</td></tr>
</table>]]>
    </system-out>
  </testcase> <!-- Verify_User_clicks_on_Option_watchlist -->
  <testcase classname="nadeem.MoRise" name="Verify_user_clicks_getquote_overview" time="6.959">
    <system-out>
      <![CDATA[<h3>Get Quote overview</h3>
<table border='1' style='border-collapse: collapse; width: 75%; text-align: center;'>
<tr><th>Iteration Count</th><th>Time Taken (ms)</th><th>Status</th></tr>
<tr><td>1</td><td>180</td><td style='background-color: green;color: white; font-weight: bold;'>Pass</td></tr>
</table>]]>
    </system-out>
  </testcase> <!-- Verify_user_clicks_getquote_overview -->
  <testcase classname="nadeem.MoRise" name="Verify_user_clicks_getquote_Fundamentals" time="6.431">
    <system-out>
      <![CDATA[<h3>Get Quote Fundamentals</h3>
<table border='1' style='border-collapse: collapse; width: 75%; text-align: center;'>
<tr><th>Iteration Count</th><th>Time Taken (ms)</th><th>Status</th></tr>
<tr><td>1</td><td>229</td><td style='background-color: green;color: white; font-weight: bold;'>Pass</td></tr>
</table>]]>
    </system-out>
  </testcase> <!-- Verify_user_clicks_getquote_Fundamentals -->
  <testcase classname="nadeem.MoRise" name="Verify_user_clicks_getquote_technical" time="4.097">
    <system-out>
      <![CDATA[<h3>Get Quote Technical</h3>
<table border='1' style='border-collapse: collapse; width: 75%; text-align: center;'>
<tr><th>Iteration Count</th><th>Time Taken (ms)</th><th>Status</th></tr>
<tr><td>1</td><td>202</td><td style='background-color: green;color: white; font-weight: bold;'>Pass</td></tr>
</table>]]>
    </system-out>
  </testcase> <!-- Verify_user_clicks_getquote_technical -->
  <testcase classname="nadeem.MoRise" name="Verify_user_clicks_getquote_news" time="5.515">
    <system-out>
      <![CDATA[<h3>Get Quote News</h3>
<table border='1' style='border-collapse: collapse; width: 75%; text-align: center;'>
<tr><th>Iteration Count</th><th>Time Taken (ms)</th><th>Status</th></tr>
<tr><td>1</td><td>197</td><td style='background-color: green;color: white; font-weight: bold;'>Pass</td></tr>
</table>]]>
    </system-out>
  </testcase> <!-- Verify_user_clicks_getquote_news -->
  <testcase classname="nadeem.MoRise" name="Verify_user_clicks_getquote_optionchain" time="2.477">
    <system-out>
      <![CDATA[<h3>option chain</h3>
<table border='1' style='border-collapse: collapse; width: 75%; text-align: center;'>
<tr><th>Iteration Count</th><th>Time Taken (ms)</th><th>Status</th></tr>
<tr><td>1</td><td>108</td><td style='background-color: green;color: white; font-weight: bold;'>Pass</td></tr>
</table>]]>
    </system-out>
  </testcase> <!-- Verify_user_clicks_getquote_optionchain -->
  <testcase classname="nadeem.MoRise" name="Verify_user_clicks_portfolio_all" time="9.579">
    <system-out>
      <![CDATA[<h3>portfolio All</h3>
<table border='1' style='border-collapse: collapse; width: 75%; text-align: center;'>
<tr><th>Iteration Count</th><th>Time Taken (ms)</th><th>Status</th></tr>
<tr><td>1</td><td>873</td><td style='background-color: green;color: white; font-weight: bold;'>Pass</td></tr>
</table>]]>
    </system-out>
  </testcase> <!-- Verify_user_clicks_portfolio_all -->
  <testcase classname="nadeem.MoRise" name="Verify_user_clicks_portfolio_stocks" time="4.006">
    <system-out>
      <![CDATA[<h3>portfolio stocks</h3>
<table border='1' style='border-collapse: collapse; width: 75%; text-align: center;'>
<tr><th>Iteration Count</th><th>Time Taken (ms)</th><th>Status</th></tr>
<tr><td>1</td><td>182</td><td style='background-color: green;color: white; font-weight: bold;'>Pass</td></tr>
</table>]]>
    </system-out>
  </testcase> <!-- Verify_user_clicks_portfolio_stocks -->
  <testcase classname="nadeem.MoRise" name="Verify_user_clicks_portfolio_mf" time="4.547">
    <system-out>
      <![CDATA[<h3>portfolio MF</h3>
<table border='1' style='border-collapse: collapse; width: 75%; text-align: center;'>
<tr><th>Iteration Count</th><th>Time Taken (ms)</th><th>Status</th></tr>
<tr><td>1</td><td>1127</td><td style='background-color: green;color: white; font-weight: bold;'>Pass</td></tr>
</table>]]>
    </system-out>
  </testcase> <!-- Verify_user_clicks_portfolio_mf -->
  <testcase classname="nadeem.MoRise" name="Verify_user_clicks_portfolio_PMS" time="3.478">
    <system-out>
      <![CDATA[<h3>portfolio PMS</h3>
<table border='1' style='border-collapse: collapse; width: 75%; text-align: center;'>
<tr><th>Iteration Count</th><th>Time Taken (ms)</th><th>Status</th></tr>
<tr><td>1</td><td>356</td><td style='background-color: green;color: white; font-weight: bold;'>Pass</td></tr>
</table>]]>
    </system-out>
  </testcase> <!-- Verify_user_clicks_portfolio_PMS -->
  <testcase classname="nadeem.MoRise" name="Verify_user_clicks_portfolio_Add_funds" time="12.646">
    <system-out>
      <![CDATA[<h3>Add Funds</h3>
<table border='1' style='border-collapse: collapse; width: 75%; text-align: center;'>
<tr><th>Iteration Count</th><th>Time Taken (ms)</th><th>Status</th></tr>
<tr><td>1</td><td>411</td><td style='background-color: green;color: white; font-weight: bold;'>Pass</td></tr>
</table>]]>
    </system-out>
  </testcase> <!-- Verify_user_clicks_portfolio_Add_funds -->
  <testcase classname="nadeem.MoRise" name="Verify_user_clicks_portfolio_withdraw_funds" time="5.222">
    <system-out>
      <![CDATA[<h3>withdraw Funds</h3>
<table border='1' style='border-collapse: collapse; width: 75%; text-align: center;'>
<tr><th>Iteration Count</th><th>Time Taken (ms)</th><th>Status</th></tr>
<tr><td>1</td><td>3462</td><td style='background-color: green;color: white; font-weight: bold;'>Pass</td></tr>
</table>]]>
    </system-out>
  </testcase> <!-- Verify_user_clicks_portfolio_withdraw_funds -->
  <testcase classname="nadeem.MoRise" name="Verify_user_clicks_portfolio_basket">
    <skipped/>
  </testcase> <!-- Verify_user_clicks_portfolio_basket -->
  <system-out>
    <![CDATA[<h3>Global_Search_Results</h3>
<table border='1' style='border-collapse: collapse; width: 75%; text-align: center;'>
<tr><th>Iteration Count</th><th>Time Taken (ms)</th><th>Status</th></tr>
<tr><td>1</td><td>2944</td><td style='background-color: green;color: white; font-weight: bold;'>Pass</td></tr>
</table>
<h3>Homepage_portfolio_snap</h3>
<table border='1' style='border-collapse: collapse; width: 75%; text-align: center;'>
<tr><th>Iteration Count</th><th>Time Taken (ms)</th><th>Status</th></tr>
<tr><td>1</td><td>220</td><td style='background-color: green;color: white; font-weight: bold;'>Pass</td></tr>
</table>
<h3>Stocks_homepage_portfolio_snap</h3>
<table border='1' style='border-collapse: collapse; width: 75%; text-align: center;'>
<tr><th>Iteration Count</th><th>Time Taken (ms)</th><th>Status</th></tr>
<tr><td>1</td><td>632</td><td style='background-color: green;color: white; font-weight: bold;'>Pass</td></tr>
</table>
<h3>mf_homepage_portfolio_snap</h3>
<table border='1' style='border-collapse: collapse; width: 75%; text-align: center;'>
<tr><th>Iteration Count</th><th>Time Taken (ms)</th><th>Status</th></tr>
<tr><td>1</td><td>192</td><td style='background-color: green;color: white; font-weight: bold;'>Pass</td></tr>
</table>
<h3>Watchlist</h3>
<table border='1' style='border-collapse: collapse; width: 75%; text-align: center;'>
<tr><th>Iteration Count</th><th>Time Taken (ms)</th><th>Status</th></tr>
<tr><td>1</td><td>1072</td><td style='background-color: green;color: white; font-weight: bold;'>Pass</td></tr>
</table>
<h3>Option_Watchlist</h3>
<table border='1' style='border-collapse: collapse; width: 75%; text-align: center;'>
<tr><th>Iteration Count</th><th>Time Taken (ms)</th><th>Status</th></tr>
<tr><td>1</td><td>248</td><td style='background-color: green;color: white; font-weight: bold;'>Pass</td></tr>
</table>
<h3>Get Quote overview</h3>
<table border='1' style='border-collapse: collapse; width: 75%; text-align: center;'>
<tr><th>Iteration Count</th><th>Time Taken (ms)</th><th>Status</th></tr>
<tr><td>1</td><td>180</td><td style='background-color: green;color: white; font-weight: bold;'>Pass</td></tr>
</table>
<h3>Get Quote Fundamentals</h3>
<table border='1' style='border-collapse: collapse; width: 75%; text-align: center;'>
<tr><th>Iteration Count</th><th>Time Taken (ms)</th><th>Status</th></tr>
<tr><td>1</td><td>229</td><td style='background-color: green;color: white; font-weight: bold;'>Pass</td></tr>
</table>
<h3>Get Quote Technical</h3>
<table border='1' style='border-collapse: collapse; width: 75%; text-align: center;'>
<tr><th>Iteration Count</th><th>Time Taken (ms)</th><th>Status</th></tr>
<tr><td>1</td><td>202</td><td style='background-color: green;color: white; font-weight: bold;'>Pass</td></tr>
</table>
<h3>Get Quote News</h3>
<table border='1' style='border-collapse: collapse; width: 75%; text-align: center;'>
<tr><th>Iteration Count</th><th>Time Taken (ms)</th><th>Status</th></tr>
<tr><td>1</td><td>197</td><td style='background-color: green;color: white; font-weight: bold;'>Pass</td></tr>
</table>
<h3>option chain</h3>
<table border='1' style='border-collapse: collapse; width: 75%; text-align: center;'>
<tr><th>Iteration Count</th><th>Time Taken (ms)</th><th>Status</th></tr>
<tr><td>1</td><td>108</td><td style='background-color: green;color: white; font-weight: bold;'>Pass</td></tr>
</table>
<h3>portfolio All</h3>
<table border='1' style='border-collapse: collapse; width: 75%; text-align: center;'>
<tr><th>Iteration Count</th><th>Time Taken (ms)</th><th>Status</th></tr>
<tr><td>1</td><td>873</td><td style='background-color: green;color: white; font-weight: bold;'>Pass</td></tr>
</table>
<h3>portfolio stocks</h3>
<table border='1' style='border-collapse: collapse; width: 75%; text-align: center;'>
<tr><th>Iteration Count</th><th>Time Taken (ms)</th><th>Status</th></tr>
<tr><td>1</td><td>182</td><td style='background-color: green;color: white; font-weight: bold;'>Pass</td></tr>
</table>
<h3>portfolio MF</h3>
<table border='1' style='border-collapse: collapse; width: 75%; text-align: center;'>
<tr><th>Iteration Count</th><th>Time Taken (ms)</th><th>Status</th></tr>
<tr><td>1</td><td>1127</td><td style='background-color: green;color: white; font-weight: bold;'>Pass</td></tr>
</table>
<h3>portfolio PMS</h3>
<table border='1' style='border-collapse: collapse; width: 75%; text-align: center;'>
<tr><th>Iteration Count</th><th>Time Taken (ms)</th><th>Status</th></tr>
<tr><td>1</td><td>356</td><td style='background-color: green;color: white; font-weight: bold;'>Pass</td></tr>
</table>
<h3>Add Funds</h3>
<table border='1' style='border-collapse: collapse; width: 75%; text-align: center;'>
<tr><th>Iteration Count</th><th>Time Taken (ms)</th><th>Status</th></tr>
<tr><td>1</td><td>411</td><td style='background-color: green;color: white; font-weight: bold;'>Pass</td></tr>
</table>
<h3>withdraw Funds</h3>
<table border='1' style='border-collapse: collapse; width: 75%; text-align: center;'>
<tr><th>Iteration Count</th><th>Time Taken (ms)</th><th>Status</th></tr>
<tr><td>1</td><td>3462</td><td style='background-color: green;color: white; font-weight: bold;'>Pass</td></tr>
</table>]]>
  </system-out>
</testsuite> <!-- nadeem.MoRise -->
