<?xml version="1.0" encoding="UTF-8"?>
<!-- Generated by org.testng.reporters.JUnitReportReporter -->
<testsuite hostname="MOT-32333-L" failures="0" tests="3" name="nadeem.RiseApp" time="1344.949" errors="0" timestamp="2025-03-19T17:12:17 IST" skipped="1">
  <testcase classname="nadeem.RiseApp" name="Verify_user_login_and_clicks_on_RDD" time="28.272"/>
  <testcase classname="nadeem.RiseApp" name="App_Regression" time="1316.677">
    <system-out>
      <![CDATA[<h3>Execution Report</h3>
<table border='1' style='border-collapse: collapse; width: 75%; text-align: center;'>
<tr><th>Sr. No</th><th>Test Case</th><th>Status</th><th>Time Taken (ms)</th></tr>
<tr><td>1</td><td>Global Search Result</td><td style='background-color: green;color: white; font-weight: bold;'>Pass</td><td>7807</td></tr>
<tr><td>2</td><td>Get quote fut tab</td><td style='background-color: green;color: white; font-weight: bold;'>Pass</td><td>397</td></tr>
<tr><td>3</td><td>Get quote opt tab</td><td style='background-color: green;color: white; font-weight: bold;'>Pass</td><td>2148</td></tr>
<tr><td>4</td><td>Get quote cash tab</td><td style='background-color: green;color: white; font-weight: bold;'>Pass</td><td>386</td></tr>
<tr><td>5</td><td>Get quote Nse switch delivery buy order form</td><td style='background-color: green;color: white; font-weight: bold;'>Pass</td><td>1274</td></tr>
<tr><td>6</td><td>Get quote Nse switch delivery Sell order form</td><td style='background-color: green;color: white; font-weight: bold;'>Pass</td><td>201</td></tr>
<tr><td>7</td><td>Get quote Bse switch delivery buy order form</td><td style='background-color: green;color: white; font-weight: bold;'>Pass</td><td>180</td></tr>
<tr><td>8</td><td>Get quote Bse switch delivery sell order form</td><td style='background-color: green;color: white; font-weight: bold;'>Pass</td><td>5364</td></tr>
<tr><td>9</td><td>Get quote charts button</td><td style='background-color: green;color: white; font-weight: bold;'>Pass</td><td>5226</td></tr>
<tr><td>10</td><td>Get quote optionchain button</td><td style='background-color: green;color: white; font-weight: bold;'>Pass</td><td>2703</td></tr>
<tr><td>11</td><td>Get quote Fundamental Tab</td><td style='background-color: green;color: white; font-weight: bold;'>Pass</td><td>4304</td></tr>
<tr><td>12</td><td>Get quote Technical Tab</td><td style='background-color: green;color: white; font-weight: bold;'>Pass</td><td>1672</td></tr>
<tr><td>13</td><td>Get quote News Tab</td><td style='background-color: green;color: white; font-weight: bold;'>Pass</td><td>364</td></tr>
<tr><td>14</td><td>Get quote Transactions Tab</td><td style='background-color: red;color: white; font-weight: bold;'>Fail</td><td>40909</td></tr>
<tr><td>15</td><td>Order Form quantity toggle</td><td style='background-color: green;color: white; font-weight: bold;'>Pass</td><td>10291</td></tr>
<tr><td>16</td><td>Order Form amount toggle</td><td style='background-color: green;color: white; font-weight: bold;'>Pass</td><td>11849</td></tr>
<tr><td>17</td><td>Homescreen portfolio hide mark</td><td style='background-color: green;color: white; font-weight: bold;'>Pass</td><td>406</td></tr>
<tr><td>18</td><td>Homescreen portfolio overall value</td><td style='background-color: green;color: white; font-weight: bold;'>Pass</td><td>3375</td></tr>
<tr><td>19</td><td>Homescreen portfolio expand button</td><td style='background-color: green;color: white; font-weight: bold;'>Pass</td><td>1215</td></tr>
<tr><td>20</td><td>Homescreen portfolio collapse button</td><td style='background-color: green;color: white; font-weight: bold;'>Pass</td><td>169</td></tr>
<tr><td>21</td><td>Homescreen Research idea I button</td><td style='background-color: green;color: white; font-weight: bold;'>Pass</td><td>137</td></tr>
<tr><td>22</td><td>Homescreen IPO button</td><td style='background-color: green;color: white; font-weight: bold;'>Pass</td><td>1712</td></tr>
<tr><td>23</td><td>Homescreen Research Idea button</td><td style='background-color: green;color: white; font-weight: bold;'>Pass</td><td>3979</td></tr>
<tr><td>24</td><td>Homescreen IAP button</td><td style='background-color: green;color: white; font-weight: bold;'>Pass</td><td>3971</td></tr>
<tr><td>25</td><td>Homescreen Bonds button</td><td style='background-color: green;color: white; font-weight: bold;'>Pass</td><td>11840</td></tr>
<tr><td>26</td><td>Homescreen Option Store button</td><td style='background-color: green;color: white; font-weight: bold;'>Pass</td><td>3998</td></tr>
<tr><td>27</td><td>Homescreen Stock Basket button</td><td style='background-color: green;color: white; font-weight: bold;'>Pass</td><td>743</td></tr>
<tr><td>28</td><td>Homescreen Basketonomix quant basket</td><td style='background-color: green;color: white; font-weight: bold;'>Pass</td><td>1442</td></tr>
<tr><td>29</td><td>Homescreen Basketonomix sectoral basket</td><td style='background-color: green;color: white; font-weight: bold;'>Pass</td><td>8153</td></tr>
<tr><td>30</td><td>Homescreen Basketonomix fundamental basket</td><td style='background-color: green;color: white; font-weight: bold;'>Pass</td><td>2372</td></tr>
<tr><td>31</td><td>Homescreen Insurance button</td><td style='background-color: green;color: white; font-weight: bold;'>Pass</td><td>877</td></tr>
<tr><td>32</td><td>Homescreen Fixed Deposit button</td><td style='background-color: green;color: white; font-weight: bold;'>Pass</td><td>2211</td></tr>
<tr><td>33</td><td>Homescreen Smallcase button</td><td style='background-color: green;color: white; font-weight: bold;'>Pass</td><td>773</td></tr>
<tr><td>34</td><td>Homescreen Teji Mandi button</td><td style='background-color: green;color: white; font-weight: bold;'>Pass</td><td>3793</td></tr>
<tr><td>35</td><td>Homescreen TGS button</td><td style='background-color: green;color: white; font-weight: bold;'>Pass</td><td>2303</td></tr>
<tr><td>36</td><td>Homescreen Intra options button</td><td style='background-color: green;color: white; font-weight: bold;'>Pass</td><td>1693</td></tr>
<tr><td>37</td><td>Homescreen MF High Returns button</td><td style='background-color: green;color: white; font-weight: bold;'>Pass</td><td>6146</td></tr>
<tr><td>38</td><td>Homescreen MF SIP with 500 button</td><td style='background-color: green;color: white; font-weight: bold;'>Pass</td><td>1972</td></tr>
<tr><td>39</td><td>Homescreen MF Tax Saver button</td><td style='background-color: green;color: white; font-weight: bold;'>Pass</td><td>2564</td></tr>
<tr><td>40</td><td>Homescreen MF MO Recommended button</td><td style='background-color: green;color: white; font-weight: bold;'>Pass</td><td>6604</td></tr>
<tr><td>41</td><td>Homescreen MF Highest rated Fund button</td><td style='background-color: green;color: white; font-weight: bold;'>Pass</td><td>1649</td></tr>
<tr><td>42</td><td>Homescreen MF International Fund button</td><td style='background-color: green;color: white; font-weight: bold;'>Pass</td><td>250</td></tr>
<tr><td>43</td><td>Homescreen IPO I button</td><td style='background-color: green;color: white; font-weight: bold;'>Pass</td><td>6290</td></tr>
<tr><td>44</td><td>Homescreen IPO view All button</td><td style='background-color: red;color: white; font-weight: bold;'>Fail</td><td>22741</td></tr>
<tr><td>45</td><td>Homescreen IPO button</td><td style='background-color: red;color: white; font-weight: bold;'>Fail</td><td>42876</td></tr>
<tr><td>46</td><td>Homescreen NFO button</td><td style='background-color: green;color: white; font-weight: bold;'>Pass</td><td>6702</td></tr>
<tr><td>47</td><td>Homescreen Stock sip button</td><td style='background-color: green;color: white; font-weight: bold;'>Pass</td><td>3255</td></tr>
<tr><td>48</td><td>Homescreen MF sip button</td><td style='background-color: green;color: white; font-weight: bold;'>Pass</td><td>2809</td></tr>
<tr><td>49</td><td>Homescreen Reports button</td><td style='background-color: green;color: white; font-weight: bold;'>Pass</td><td>3760</td></tr>
<tr><td>50</td><td>Homescreen PNL Summary button</td><td style='background-color: green;color: white; font-weight: bold;'>Pass</td><td>15147</td></tr>
<tr><td>51</td><td>Homescreen Alerts button</td><td style='background-color: green;color: white; font-weight: bold;'>Pass</td><td>3817</td></tr>
<tr><td>52</td><td>Homescreen margin cal button</td><td style='background-color: green;color: white; font-weight: bold;'>Pass</td><td>2225</td></tr>
<tr><td>53</td><td>Homescreen MO API button</td><td style='background-color: green;color: white; font-weight: bold;'>Pass</td><td>4033</td></tr>
<tr><td>54</td><td>Mutual Fund View All Returns</td><td style='background-color: green;color: white; font-weight: bold;'>Pass</td><td>19656</td></tr>
<tr><td>55</td><td>Portfolio View Analysis button</td><td style='background-color: green;color: white; font-weight: bold;'>Pass</td><td>10191</td></tr>
<tr><td>56</td><td>Portfolio swipe Stocks Tab verification</td><td style='background-color: green;color: white; font-weight: bold;'>Pass</td><td>85</td></tr>
<tr><td>57</td><td>Portfolio swipe MF Tab verification</td><td style='background-color: green;color: white; font-weight: bold;'>Pass</td><td>164</td></tr>
<tr><td>58</td><td>Portfolio swipe PMS Tab verification</td><td style='background-color: green;color: white; font-weight: bold;'>Pass</td><td>465</td></tr>
<tr><td>59</td><td>Add Watchlist</td><td style='background-color: green;color: white; font-weight: bold;'>Pass</td><td>1008</td></tr>
<tr><td>60</td><td>Add Script in watchlist</td><td style='background-color: green;color: white; font-weight: bold;'>Pass</td><td>8877</td></tr>
<tr><td>61</td><td>MTF in script in watchlist</td><td style='background-color: green;color: white; font-weight: bold;'>Pass</td><td>143</td></tr>
<tr><td>62</td><td>Delete script from watchlist</td><td style='background-color: green;color: white; font-weight: bold;'>Pass</td><td>287</td></tr>
<tr><td>63</td><td>Delete watchlist</td><td style='background-color: green;color: white; font-weight: bold;'>Pass</td><td>5792</td></tr>
<tr><td>64</td><td>Profile asba switch</td><td style='background-color: green;color: white; font-weight: bold;'>Pass</td><td>550</td></tr>
<tr><td>65</td><td>Ledger Report download</td><td style='background-color: green;color: white; font-weight: bold;'>Pass</td><td>4688</td></tr>
</table>]]>
    </system-out>
  </testcase> <!-- App_Regression -->
  <testcase classname="nadeem.RiseApp" name="orderrouting">
    <skipped/>
  </testcase> <!-- orderrouting -->
  <system-out>
    <![CDATA[<h3>Execution Report</h3>
<table border='1' style='border-collapse: collapse; width: 75%; text-align: center;'>
<tr><th>Sr. No</th><th>Test Case</th><th>Status</th><th>Time Taken (ms)</th></tr>
<tr><td>1</td><td>Global Search Result</td><td style='background-color: green;color: white; font-weight: bold;'>Pass</td><td>7807</td></tr>
<tr><td>2</td><td>Get quote fut tab</td><td style='background-color: green;color: white; font-weight: bold;'>Pass</td><td>397</td></tr>
<tr><td>3</td><td>Get quote opt tab</td><td style='background-color: green;color: white; font-weight: bold;'>Pass</td><td>2148</td></tr>
<tr><td>4</td><td>Get quote cash tab</td><td style='background-color: green;color: white; font-weight: bold;'>Pass</td><td>386</td></tr>
<tr><td>5</td><td>Get quote Nse switch delivery buy order form</td><td style='background-color: green;color: white; font-weight: bold;'>Pass</td><td>1274</td></tr>
<tr><td>6</td><td>Get quote Nse switch delivery Sell order form</td><td style='background-color: green;color: white; font-weight: bold;'>Pass</td><td>201</td></tr>
<tr><td>7</td><td>Get quote Bse switch delivery buy order form</td><td style='background-color: green;color: white; font-weight: bold;'>Pass</td><td>180</td></tr>
<tr><td>8</td><td>Get quote Bse switch delivery sell order form</td><td style='background-color: green;color: white; font-weight: bold;'>Pass</td><td>5364</td></tr>
<tr><td>9</td><td>Get quote charts button</td><td style='background-color: green;color: white; font-weight: bold;'>Pass</td><td>5226</td></tr>
<tr><td>10</td><td>Get quote optionchain button</td><td style='background-color: green;color: white; font-weight: bold;'>Pass</td><td>2703</td></tr>
<tr><td>11</td><td>Get quote Fundamental Tab</td><td style='background-color: green;color: white; font-weight: bold;'>Pass</td><td>4304</td></tr>
<tr><td>12</td><td>Get quote Technical Tab</td><td style='background-color: green;color: white; font-weight: bold;'>Pass</td><td>1672</td></tr>
<tr><td>13</td><td>Get quote News Tab</td><td style='background-color: green;color: white; font-weight: bold;'>Pass</td><td>364</td></tr>
<tr><td>14</td><td>Get quote Transactions Tab</td><td style='background-color: red;color: white; font-weight: bold;'>Fail</td><td>40909</td></tr>
<tr><td>15</td><td>Order Form quantity toggle</td><td style='background-color: green;color: white; font-weight: bold;'>Pass</td><td>10291</td></tr>
<tr><td>16</td><td>Order Form amount toggle</td><td style='background-color: green;color: white; font-weight: bold;'>Pass</td><td>11849</td></tr>
<tr><td>17</td><td>Homescreen portfolio hide mark</td><td style='background-color: green;color: white; font-weight: bold;'>Pass</td><td>406</td></tr>
<tr><td>18</td><td>Homescreen portfolio overall value</td><td style='background-color: green;color: white; font-weight: bold;'>Pass</td><td>3375</td></tr>
<tr><td>19</td><td>Homescreen portfolio expand button</td><td style='background-color: green;color: white; font-weight: bold;'>Pass</td><td>1215</td></tr>
<tr><td>20</td><td>Homescreen portfolio collapse button</td><td style='background-color: green;color: white; font-weight: bold;'>Pass</td><td>169</td></tr>
<tr><td>21</td><td>Homescreen Research idea I button</td><td style='background-color: green;color: white; font-weight: bold;'>Pass</td><td>137</td></tr>
<tr><td>22</td><td>Homescreen IPO button</td><td style='background-color: green;color: white; font-weight: bold;'>Pass</td><td>1712</td></tr>
<tr><td>23</td><td>Homescreen Research Idea button</td><td style='background-color: green;color: white; font-weight: bold;'>Pass</td><td>3979</td></tr>
<tr><td>24</td><td>Homescreen IAP button</td><td style='background-color: green;color: white; font-weight: bold;'>Pass</td><td>3971</td></tr>
<tr><td>25</td><td>Homescreen Bonds button</td><td style='background-color: green;color: white; font-weight: bold;'>Pass</td><td>11840</td></tr>
<tr><td>26</td><td>Homescreen Option Store button</td><td style='background-color: green;color: white; font-weight: bold;'>Pass</td><td>3998</td></tr>
<tr><td>27</td><td>Homescreen Stock Basket button</td><td style='background-color: green;color: white; font-weight: bold;'>Pass</td><td>743</td></tr>
<tr><td>28</td><td>Homescreen Basketonomix quant basket</td><td style='background-color: green;color: white; font-weight: bold;'>Pass</td><td>1442</td></tr>
<tr><td>29</td><td>Homescreen Basketonomix sectoral basket</td><td style='background-color: green;color: white; font-weight: bold;'>Pass</td><td>8153</td></tr>
<tr><td>30</td><td>Homescreen Basketonomix fundamental basket</td><td style='background-color: green;color: white; font-weight: bold;'>Pass</td><td>2372</td></tr>
<tr><td>31</td><td>Homescreen Insurance button</td><td style='background-color: green;color: white; font-weight: bold;'>Pass</td><td>877</td></tr>
<tr><td>32</td><td>Homescreen Fixed Deposit button</td><td style='background-color: green;color: white; font-weight: bold;'>Pass</td><td>2211</td></tr>
<tr><td>33</td><td>Homescreen Smallcase button</td><td style='background-color: green;color: white; font-weight: bold;'>Pass</td><td>773</td></tr>
<tr><td>34</td><td>Homescreen Teji Mandi button</td><td style='background-color: green;color: white; font-weight: bold;'>Pass</td><td>3793</td></tr>
<tr><td>35</td><td>Homescreen TGS button</td><td style='background-color: green;color: white; font-weight: bold;'>Pass</td><td>2303</td></tr>
<tr><td>36</td><td>Homescreen Intra options button</td><td style='background-color: green;color: white; font-weight: bold;'>Pass</td><td>1693</td></tr>
<tr><td>37</td><td>Homescreen MF High Returns button</td><td style='background-color: green;color: white; font-weight: bold;'>Pass</td><td>6146</td></tr>
<tr><td>38</td><td>Homescreen MF SIP with 500 button</td><td style='background-color: green;color: white; font-weight: bold;'>Pass</td><td>1972</td></tr>
<tr><td>39</td><td>Homescreen MF Tax Saver button</td><td style='background-color: green;color: white; font-weight: bold;'>Pass</td><td>2564</td></tr>
<tr><td>40</td><td>Homescreen MF MO Recommended button</td><td style='background-color: green;color: white; font-weight: bold;'>Pass</td><td>6604</td></tr>
<tr><td>41</td><td>Homescreen MF Highest rated Fund button</td><td style='background-color: green;color: white; font-weight: bold;'>Pass</td><td>1649</td></tr>
<tr><td>42</td><td>Homescreen MF International Fund button</td><td style='background-color: green;color: white; font-weight: bold;'>Pass</td><td>250</td></tr>
<tr><td>43</td><td>Homescreen IPO I button</td><td style='background-color: green;color: white; font-weight: bold;'>Pass</td><td>6290</td></tr>
<tr><td>44</td><td>Homescreen IPO view All button</td><td style='background-color: red;color: white; font-weight: bold;'>Fail</td><td>22741</td></tr>
<tr><td>45</td><td>Homescreen IPO button</td><td style='background-color: red;color: white; font-weight: bold;'>Fail</td><td>42876</td></tr>
<tr><td>46</td><td>Homescreen NFO button</td><td style='background-color: green;color: white; font-weight: bold;'>Pass</td><td>6702</td></tr>
<tr><td>47</td><td>Homescreen Stock sip button</td><td style='background-color: green;color: white; font-weight: bold;'>Pass</td><td>3255</td></tr>
<tr><td>48</td><td>Homescreen MF sip button</td><td style='background-color: green;color: white; font-weight: bold;'>Pass</td><td>2809</td></tr>
<tr><td>49</td><td>Homescreen Reports button</td><td style='background-color: green;color: white; font-weight: bold;'>Pass</td><td>3760</td></tr>
<tr><td>50</td><td>Homescreen PNL Summary button</td><td style='background-color: green;color: white; font-weight: bold;'>Pass</td><td>15147</td></tr>
<tr><td>51</td><td>Homescreen Alerts button</td><td style='background-color: green;color: white; font-weight: bold;'>Pass</td><td>3817</td></tr>
<tr><td>52</td><td>Homescreen margin cal button</td><td style='background-color: green;color: white; font-weight: bold;'>Pass</td><td>2225</td></tr>
<tr><td>53</td><td>Homescreen MO API button</td><td style='background-color: green;color: white; font-weight: bold;'>Pass</td><td>4033</td></tr>
<tr><td>54</td><td>Mutual Fund View All Returns</td><td style='background-color: green;color: white; font-weight: bold;'>Pass</td><td>19656</td></tr>
<tr><td>55</td><td>Portfolio View Analysis button</td><td style='background-color: green;color: white; font-weight: bold;'>Pass</td><td>10191</td></tr>
<tr><td>56</td><td>Portfolio swipe Stocks Tab verification</td><td style='background-color: green;color: white; font-weight: bold;'>Pass</td><td>85</td></tr>
<tr><td>57</td><td>Portfolio swipe MF Tab verification</td><td style='background-color: green;color: white; font-weight: bold;'>Pass</td><td>164</td></tr>
<tr><td>58</td><td>Portfolio swipe PMS Tab verification</td><td style='background-color: green;color: white; font-weight: bold;'>Pass</td><td>465</td></tr>
<tr><td>59</td><td>Add Watchlist</td><td style='background-color: green;color: white; font-weight: bold;'>Pass</td><td>1008</td></tr>
<tr><td>60</td><td>Add Script in watchlist</td><td style='background-color: green;color: white; font-weight: bold;'>Pass</td><td>8877</td></tr>
<tr><td>61</td><td>MTF in script in watchlist</td><td style='background-color: green;color: white; font-weight: bold;'>Pass</td><td>143</td></tr>
<tr><td>62</td><td>Delete script from watchlist</td><td style='background-color: green;color: white; font-weight: bold;'>Pass</td><td>287</td></tr>
<tr><td>63</td><td>Delete watchlist</td><td style='background-color: green;color: white; font-weight: bold;'>Pass</td><td>5792</td></tr>
<tr><td>64</td><td>Profile asba switch</td><td style='background-color: green;color: white; font-weight: bold;'>Pass</td><td>550</td></tr>
<tr><td>65</td><td>Ledger Report download</td><td style='background-color: green;color: white; font-weight: bold;'>Pass</td><td>4688</td></tr>
</table>]]>
  </system-out>
</testsuite> <!-- nadeem.RiseApp -->
