<?xml version="1.0" encoding="UTF-8"?>
<!-- Generated by org.testng.reporters.JUnitReportReporter -->
<testsuite hostname="MOT-32333-L" failures="0" tests="2" name="nadeem.OrderRouting" time="288.060" errors="0" timestamp="2025-06-06T12:19:36 IST" skipped="0">
  <testcase classname="nadeem.OrderRouting" name="Verify_user_login_and_clicks_on_RDD" time="29.536"/>
  <testcase classname="nadeem.OrderRouting" name="main" time="258.524">
    <system-out>
      <![CDATA[<h3>Execution Report</h3>
<table border='1' style='border-collapse: collapse; width: 75%; text-align: center;'>
<tr><th>Sr. No</th><th>Test Case</th><th>Status</th><th>Time Taken (ms)</th></tr>
<tr><td>1</td><td>Check Margin before placing order</td><td style='background-color: green;color: white; font-weight: bold;'>Pass</td><td>3624</td></tr>
<tr><td>2</td><td>Search Result</td><td style='background-color: green;color: white; font-weight: bold;'>Pass</td><td>2145</td></tr>
<tr><td>3</td><td>Buy Order placed</td><td style='background-color: green;color: white; font-weight: bold;'>Pass</td><td>2088</td></tr>
<tr><td>4</td><td>Check Margin after placing order</td><td style='background-color: green;color: white; font-weight: bold;'>Pass</td><td>4036</td></tr>
<tr><td>5</td><td>Buy Order modified</td><td style='background-color: green;color: white; font-weight: bold;'>Pass</td><td>7882</td></tr>
<tr><td>6</td><td>Check Margin after order modification</td><td style='background-color: green;color: white; font-weight: bold;'>Pass</td><td>1146</td></tr>
<tr><td>7</td><td>Buy Order cancelled</td><td style='background-color: green;color: white; font-weight: bold;'>Pass</td><td>21942</td></tr>
<tr><td>8</td><td>Check Margin after order cancellation</td><td style='background-color: green;color: white; font-weight: bold;'>Pass</td><td>269</td></tr>
</table>]]>
    </system-out>
  </testcase> <!-- main -->
  <system-out>
    <![CDATA[<h3>Execution Report</h3>
<table border='1' style='border-collapse: collapse; width: 75%; text-align: center;'>
<tr><th>Sr. No</th><th>Test Case</th><th>Status</th><th>Time Taken (ms)</th></tr>
<tr><td>1</td><td>Check Margin before placing order</td><td style='background-color: green;color: white; font-weight: bold;'>Pass</td><td>3624</td></tr>
<tr><td>2</td><td>Search Result</td><td style='background-color: green;color: white; font-weight: bold;'>Pass</td><td>2145</td></tr>
<tr><td>3</td><td>Buy Order placed</td><td style='background-color: green;color: white; font-weight: bold;'>Pass</td><td>2088</td></tr>
<tr><td>4</td><td>Check Margin after placing order</td><td style='background-color: green;color: white; font-weight: bold;'>Pass</td><td>4036</td></tr>
<tr><td>5</td><td>Buy Order modified</td><td style='background-color: green;color: white; font-weight: bold;'>Pass</td><td>7882</td></tr>
<tr><td>6</td><td>Check Margin after order modification</td><td style='background-color: green;color: white; font-weight: bold;'>Pass</td><td>1146</td></tr>
<tr><td>7</td><td>Buy Order cancelled</td><td style='background-color: green;color: white; font-weight: bold;'>Pass</td><td>21942</td></tr>
<tr><td>8</td><td>Check Margin after order cancellation</td><td style='background-color: green;color: white; font-weight: bold;'>Pass</td><td>269</td></tr>
</table>]]>
  </system-out>
</testsuite> <!-- nadeem.OrderRouting -->
