<?xml version="1.0" encoding="UTF-8"?>
<!-- Generated by org.testng.reporters.JUnitReportReporter -->
<testsuite hostname="MOT-32333-L" failures="0" tests="1" name="nadeem.loginloadtest" time="0.005" errors="0" timestamp="2025-07-30T20:36:44 IST" skipped="0">
  <testcase classname="nadeem.loginloadtest" name="login" time="0.005"/>
</testsuite> <!-- nadeem.loginloadtest -->
