<?xml version="1.0" encoding="UTF-8"?>
<!-- Generated by org.testng.reporters.JUnitReportReporter -->
<testsuite hostname="MOT-32333-L" failures="0" tests="2" name="nadeem.stratX" time="148.078" errors="0" timestamp="2025-07-08T15:26:17 IST" skipped="0">
  <testcase classname="nadeem.stratX" name="Verify_user_login_and_clicks_on_RDD" time="30.670"/>
  <testcase classname="nadeem.stratX" name="mainMethod" time="117.408">
    <system-out>
      <![CDATA[<h3>Execution Report</h3>
<table border='1' style='border-collapse: collapse; width: 75%; text-align: center;'>
<tr><th>Sr. No</th><th>Test Case</th><th>Status</th><th>Time Taken (ms)</th></tr>
<tr><td>1</td><td>StatX Tab Redirection</td><td style='background-color: green;color: white; font-weight: bold;'>Pass</td><td>1512</td></tr>
<tr><td>2</td><td>Strategy Trade details Hide Icon</td><td style='background-color: green;color: white; font-weight: bold;'>Pass</td><td>193</td></tr>
<tr><td>3</td><td>Strategy Trade Summary close Dropdown</td><td style='background-color: green;color: white; font-weight: bold;'>Pass</td><td>23003</td></tr>
<tr><td>4</td><td>Strategy Trade Summary open Dropdown</td><td style='background-color: green;color: white; font-weight: bold;'>Pass</td><td>1492</td></tr>
<tr><td>5</td><td>Subscribed Strategy Trade Details</td><td style='background-color: green;color: white; font-weight: bold;'>Pass</td><td>8039</td></tr>
<tr><td>6</td><td>Popular Strategy View All</td><td style='background-color: green;color: white; font-weight: bold;'>Pass</td><td>7444</td></tr>
<tr><td>7</td><td>Strategies Bottom Bar redirection</td><td style='background-color: green;color: white; font-weight: bold;'>Pass</td><td>5667</td></tr>
<tr><td>8</td><td>SX Trades Bottom Bar redirection</td><td style='background-color: green;color: white; font-weight: bold;'>Pass</td><td>4462</td></tr>
<tr><td>9</td><td>SX History Bottom Bar redirection</td><td style='background-color: green;color: white; font-weight: bold;'>Pass</td><td>170</td></tr>
<tr><td>10</td><td>StratX Explore Bottom Bar redirection</td><td style='background-color: green;color: white; font-weight: bold;'>Pass</td><td>2152</td></tr>
<tr><td>11</td><td>Premium Strategies bottom View All</td><td style='background-color: green;color: white; font-weight: bold;'>Pass</td><td>2638</td></tr>
</table>]]>
    </system-out>
  </testcase> <!-- mainMethod -->
  <system-out>
    <![CDATA[<h3>Execution Report</h3>
<table border='1' style='border-collapse: collapse; width: 75%; text-align: center;'>
<tr><th>Sr. No</th><th>Test Case</th><th>Status</th><th>Time Taken (ms)</th></tr>
<tr><td>1</td><td>StatX Tab Redirection</td><td style='background-color: green;color: white; font-weight: bold;'>Pass</td><td>1512</td></tr>
<tr><td>2</td><td>Strategy Trade details Hide Icon</td><td style='background-color: green;color: white; font-weight: bold;'>Pass</td><td>193</td></tr>
<tr><td>3</td><td>Strategy Trade Summary close Dropdown</td><td style='background-color: green;color: white; font-weight: bold;'>Pass</td><td>23003</td></tr>
<tr><td>4</td><td>Strategy Trade Summary open Dropdown</td><td style='background-color: green;color: white; font-weight: bold;'>Pass</td><td>1492</td></tr>
<tr><td>5</td><td>Subscribed Strategy Trade Details</td><td style='background-color: green;color: white; font-weight: bold;'>Pass</td><td>8039</td></tr>
<tr><td>6</td><td>Popular Strategy View All</td><td style='background-color: green;color: white; font-weight: bold;'>Pass</td><td>7444</td></tr>
<tr><td>7</td><td>Strategies Bottom Bar redirection</td><td style='background-color: green;color: white; font-weight: bold;'>Pass</td><td>5667</td></tr>
<tr><td>8</td><td>SX Trades Bottom Bar redirection</td><td style='background-color: green;color: white; font-weight: bold;'>Pass</td><td>4462</td></tr>
<tr><td>9</td><td>SX History Bottom Bar redirection</td><td style='background-color: green;color: white; font-weight: bold;'>Pass</td><td>170</td></tr>
<tr><td>10</td><td>StratX Explore Bottom Bar redirection</td><td style='background-color: green;color: white; font-weight: bold;'>Pass</td><td>2152</td></tr>
<tr><td>11</td><td>Premium Strategies bottom View All</td><td style='background-color: green;color: white; font-weight: bold;'>Pass</td><td>2638</td></tr>
</table>]]>
  </system-out>
</testsuite> <!-- nadeem.stratX -->
