<?xml version="1.0" encoding="UTF-8"?>
<!-- Generated by org.testng.reporters.JUnitReportReporter -->
<testsuite hostname="MOT-32333-L" failures="0" tests="1" name="nadeem.testuiautomator" time="11.914" errors="0" timestamp="2025-09-17T11:38:01 IST" skipped="0">
  <testcase classname="nadeem.testuiautomator" name="getCurrentActivity" time="11.914"/>
</testsuite> <!-- nadeem.testuiautomator -->
