<?xml version="1.0" encoding="UTF-8"?>
<!-- Generated by org.testng.reporters.JUnitReportReporter -->
<testsuite hostname="MOT-32333-L" failures="0" tests="2" name="nadeem.MutualFunds" time="246.816" errors="0" timestamp="2025-05-14T17:08:25 IST" skipped="0">
  <testcase classname="nadeem.MutualFunds" name="Verify_user_login_and_clicks_on_RDD" time="25.291"/>
  <testcase classname="nadeem.MutualFunds" name="MutualfundSanity" time="221.525">
    <system-out>
      <![CDATA[<h3>Execution Report</h3>
<table border='1' style='border-collapse: collapse; width: 75%; text-align: center;'>
<tr><th>Sr. No</th><th>Test Case</th><th>Status</th><th>Time Taken (ms)</th></tr>
<tr><td>1</td><td>Mutual Fund View Demat Holdings Returns</td><td style='background-color: green;color: white; font-weight: bold;'>Pass</td><td>2675</td></tr>
<tr><td>2</td><td>Mutual Fund Current Value</td><td style='background-color: red;color: white; font-weight: bold;'>Fail</td><td>24259</td></tr>
<tr><td>3</td><td>Mutual Fund Invest Button</td><td style='background-color: green;color: white; font-weight: bold;'>Pass</td><td>2502</td></tr>
<tr><td>4</td><td>Mutual Fund SIP Place Order</td><td style='background-color: green;color: white; font-weight: bold;'>Pass</td><td>1528</td></tr>
<tr><td>5</td><td>Mutual Fund Lumpsum Place Order</td><td style='background-color: green;color: white; font-weight: bold;'>Pass</td><td>1253</td></tr>
<tr><td>6</td><td>Mutual Fund Order Book Buy</td><td style='background-color: green;color: white; font-weight: bold;'>Pass</td><td>1241</td></tr>
<tr><td>7</td><td>Mutual Fund Order Book Sips</td><td style='background-color: red;color: white; font-weight: bold;'>Fail</td><td>29062</td></tr>
<tr><td>8</td><td>Mutual Fund Order Book Sell</td><td style='background-color: green;color: white; font-weight: bold;'>Pass</td><td>4901</td></tr>
<tr><td>9</td><td>Mutual Fund Order Book Switch</td><td style='background-color: green;color: white; font-weight: bold;'>Pass</td><td>3801</td></tr>
<tr><td>10</td><td>Mutual Fund Order Book SWP</td><td style='background-color: green;color: white; font-weight: bold;'>Pass</td><td>3744</td></tr>
<tr><td>11</td><td>Mutual Fund Order Book STP</td><td style='background-color: green;color: white; font-weight: bold;'>Pass</td><td>1961</td></tr>
<tr><td>12</td><td>Mutual Funds Portfolio</td><td style='background-color: red;color: white; font-weight: bold;'>Fail</td><td>20199</td></tr>
<tr><td>13</td><td>Mutual Funds Holdings Summary Overview</td><td style='background-color: green;color: white; font-weight: bold;'>Pass</td><td>194</td></tr>
<tr><td>14</td><td>Mutual Funds Holdings Summary Your Returns</td><td style='background-color: green;color: white; font-weight: bold;'>Pass</td><td>1484</td></tr>
<tr><td>15</td><td>Mutual Funds Holdings Summary Transactions</td><td style='background-color: green;color: white; font-weight: bold;'>Pass</td><td>1593</td></tr>
<tr><td>16</td><td>Mutual Funds Holdings Withdraw OneTime</td><td style='background-color: green;color: white; font-weight: bold;'>Pass</td><td>5666</td></tr>
<tr><td>17</td><td>Mutual Funds Holdings Withdraw SWP</td><td style='background-color: green;color: white; font-weight: bold;'>Pass</td><td>1731</td></tr>
<tr><td>18</td><td>Mutual Funds Holdings Switch FullAmount</td><td style='background-color: red;color: white; font-weight: bold;'>Fail</td><td>20130</td></tr>
<tr><td>19</td><td>Mutual Funds Holdings switch STP</td><td style='background-color: green;color: white; font-weight: bold;'>Pass</td><td>197</td></tr>
</table>]]>
    </system-out>
  </testcase> <!-- MutualfundSanity -->
  <system-out>
    <![CDATA[<h3>Execution Report</h3>
<table border='1' style='border-collapse: collapse; width: 75%; text-align: center;'>
<tr><th>Sr. No</th><th>Test Case</th><th>Status</th><th>Time Taken (ms)</th></tr>
<tr><td>1</td><td>Mutual Fund View Demat Holdings Returns</td><td style='background-color: green;color: white; font-weight: bold;'>Pass</td><td>2675</td></tr>
<tr><td>2</td><td>Mutual Fund Current Value</td><td style='background-color: red;color: white; font-weight: bold;'>Fail</td><td>24259</td></tr>
<tr><td>3</td><td>Mutual Fund Invest Button</td><td style='background-color: green;color: white; font-weight: bold;'>Pass</td><td>2502</td></tr>
<tr><td>4</td><td>Mutual Fund SIP Place Order</td><td style='background-color: green;color: white; font-weight: bold;'>Pass</td><td>1528</td></tr>
<tr><td>5</td><td>Mutual Fund Lumpsum Place Order</td><td style='background-color: green;color: white; font-weight: bold;'>Pass</td><td>1253</td></tr>
<tr><td>6</td><td>Mutual Fund Order Book Buy</td><td style='background-color: green;color: white; font-weight: bold;'>Pass</td><td>1241</td></tr>
<tr><td>7</td><td>Mutual Fund Order Book Sips</td><td style='background-color: red;color: white; font-weight: bold;'>Fail</td><td>29062</td></tr>
<tr><td>8</td><td>Mutual Fund Order Book Sell</td><td style='background-color: green;color: white; font-weight: bold;'>Pass</td><td>4901</td></tr>
<tr><td>9</td><td>Mutual Fund Order Book Switch</td><td style='background-color: green;color: white; font-weight: bold;'>Pass</td><td>3801</td></tr>
<tr><td>10</td><td>Mutual Fund Order Book SWP</td><td style='background-color: green;color: white; font-weight: bold;'>Pass</td><td>3744</td></tr>
<tr><td>11</td><td>Mutual Fund Order Book STP</td><td style='background-color: green;color: white; font-weight: bold;'>Pass</td><td>1961</td></tr>
<tr><td>12</td><td>Mutual Funds Portfolio</td><td style='background-color: red;color: white; font-weight: bold;'>Fail</td><td>20199</td></tr>
<tr><td>13</td><td>Mutual Funds Holdings Summary Overview</td><td style='background-color: green;color: white; font-weight: bold;'>Pass</td><td>194</td></tr>
<tr><td>14</td><td>Mutual Funds Holdings Summary Your Returns</td><td style='background-color: green;color: white; font-weight: bold;'>Pass</td><td>1484</td></tr>
<tr><td>15</td><td>Mutual Funds Holdings Summary Transactions</td><td style='background-color: green;color: white; font-weight: bold;'>Pass</td><td>1593</td></tr>
<tr><td>16</td><td>Mutual Funds Holdings Withdraw OneTime</td><td style='background-color: green;color: white; font-weight: bold;'>Pass</td><td>5666</td></tr>
<tr><td>17</td><td>Mutual Funds Holdings Withdraw SWP</td><td style='background-color: green;color: white; font-weight: bold;'>Pass</td><td>1731</td></tr>
<tr><td>18</td><td>Mutual Funds Holdings Switch FullAmount</td><td style='background-color: red;color: white; font-weight: bold;'>Fail</td><td>20130</td></tr>
<tr><td>19</td><td>Mutual Funds Holdings switch STP</td><td style='background-color: green;color: white; font-weight: bold;'>Pass</td><td>197</td></tr>
</table>]]>
  </system-out>
</testsuite> <!-- nadeem.MutualFunds -->
