<?xml version="1.0" encoding="UTF-8"?>
<!-- Generated by org.testng.reporters.JUnitReportReporter -->
<testsuite hostname="MOT-32333-L" failures="0" tests="2" name="nadeem.AccountAggregator" time="79.812" errors="0" timestamp="2025-06-23T14:46:10 IST" skipped="0">
  <testcase classname="nadeem.AccountAggregator" name="Verify_user_login_and_clicks_on_RDD" time="29.932"/>
  <testcase classname="nadeem.AccountAggregator" name="accountmain" time="49.880">
    <system-out>
      <![CDATA[<h3>Execution Report</h3>
<table border='1' style='border-collapse: collapse; width: 75%; text-align: center;'>
<tr><th>Sr. No</th><th>Test Case</th><th>Status</th><th>Time Taken (ms)</th></tr>
<tr><td>1</td><td>Angel one Broker</td><td style='background-color: green;color: white; font-weight: bold;'>Pass</td><td>20030</td></tr>
<tr><td>2</td><td>Groww  Broker</td><td style='background-color: green;color: white; font-weight: bold;'>Pass</td><td>22043</td></tr>
</table>]]>
    </system-out>
  </testcase> <!-- accountmain -->
  <system-out>
    <![CDATA[<h3>Execution Report</h3>
<table border='1' style='border-collapse: collapse; width: 75%; text-align: center;'>
<tr><th>Sr. No</th><th>Test Case</th><th>Status</th><th>Time Taken (ms)</th></tr>
<tr><td>1</td><td>Angel one Broker</td><td style='background-color: green;color: white; font-weight: bold;'>Pass</td><td>20030</td></tr>
<tr><td>2</td><td>Groww  Broker</td><td style='background-color: green;color: white; font-weight: bold;'>Pass</td><td>22043</td></tr>
</table>]]>
  </system-out>
</testsuite> <!-- nadeem.AccountAggregator -->
