<?xml version="1.0" encoding="UTF-8"?>
<!-- Generated by org.testng.reporters.JUnitReportReporter -->
<testsuite hostname="MOT-32333-L" failures="0" tests="2" name="nadeem.MutualFunds" time="327.346" errors="0" timestamp="2025-05-09T15:30:55 IST" skipped="0">
  <testcase classname="nadeem.MutualFunds" name="Verify_user_login_and_clicks_on_RDD" time="26.726"/>
  <testcase classname="nadeem.MutualFunds" name="MutualfundSanity" time="300.620">
    <system-out>
      <![CDATA[<h3>Execution Report</h3>
<table border='1' style='border-collapse: collapse; width: 75%; text-align: center;'>
<tr><th>Sr. No</th><th>Test Case</th><th>Status</th><th>Time Taken (ms)</th></tr>
<tr><td>1</td><td>Mutual Fund View Demat Holdings Returns</td><td style='background-color: red;color: white; font-weight: bold;'>Fail</td><td>22696</td></tr>
<tr><td>2</td><td>Mutual Fund Current Value</td><td style='background-color: red;color: white; font-weight: bold;'>Fail</td><td>42523</td></tr>
<tr><td>3</td><td>Mutual Fund Invest Button</td><td style='background-color: green;color: white; font-weight: bold;'>Pass</td><td>1532</td></tr>
<tr><td>4</td><td>Mutual Fund SIP Place Order</td><td style='background-color: green;color: white; font-weight: bold;'>Pass</td><td>785</td></tr>
<tr><td>5</td><td>Mutual Fund Lumpsum Place Order</td><td style='background-color: green;color: white; font-weight: bold;'>Pass</td><td>136</td></tr>
<tr><td>6</td><td>Mutual Fund Order Book Buy</td><td style='background-color: green;color: white; font-weight: bold;'>Pass</td><td>1617</td></tr>
<tr><td>7</td><td>Mutual Fund Order Book Sips</td><td style='background-color: green;color: white; font-weight: bold;'>Pass</td><td>3049</td></tr>
<tr><td>8</td><td>Mutual Fund Order Book Sell</td><td style='background-color: green;color: white; font-weight: bold;'>Pass</td><td>627</td></tr>
<tr><td>9</td><td>Mutual Fund Order Book Switch</td><td style='background-color: green;color: white; font-weight: bold;'>Pass</td><td>1651</td></tr>
<tr><td>10</td><td>Mutual Fund Order Book SWP</td><td style='background-color: green;color: white; font-weight: bold;'>Pass</td><td>1198</td></tr>
<tr><td>11</td><td>Mutual Fund Order Book STP</td><td style='background-color: green;color: white; font-weight: bold;'>Pass</td><td>1701</td></tr>
<tr><td>12</td><td>Mutual Funds Portfolio</td><td style='background-color: red;color: white; font-weight: bold;'>Fail</td><td>22259</td></tr>
<tr><td>13</td><td>Mutual Funds Holdings Summary Overview</td><td style='background-color: green;color: white; font-weight: bold;'>Pass</td><td>174</td></tr>
<tr><td>14</td><td>Mutual Funds Holdings Summary Your Returns</td><td style='background-color: green;color: white; font-weight: bold;'>Pass</td><td>3215</td></tr>
<tr><td>15</td><td>Mutual Funds Holdings Summary Transactions</td><td style='background-color: green;color: white; font-weight: bold;'>Pass</td><td>83</td></tr>
<tr><td>16</td><td>Mutual Funds Holdings Withdraw OneTime</td><td style='background-color: green;color: white; font-weight: bold;'>Pass</td><td>3036</td></tr>
<tr><td>17</td><td>Mutual Funds Holdings Withdraw SWP</td><td style='background-color: green;color: white; font-weight: bold;'>Pass</td><td>191</td></tr>
<tr><td>18</td><td>Mutual Funds Holdings Switch FullAmount</td><td style='background-color: red;color: white; font-weight: bold;'>Fail</td><td>20149</td></tr>
<tr><td>19</td><td>Mutual Funds Holdings switch STP</td><td style='background-color: green;color: white; font-weight: bold;'>Pass</td><td>870</td></tr>
</table>]]>
    </system-out>
  </testcase> <!-- MutualfundSanity -->
  <system-out>
    <![CDATA[<h3>Execution Report</h3>
<table border='1' style='border-collapse: collapse; width: 75%; text-align: center;'>
<tr><th>Sr. No</th><th>Test Case</th><th>Status</th><th>Time Taken (ms)</th></tr>
<tr><td>1</td><td>Mutual Fund View Demat Holdings Returns</td><td style='background-color: red;color: white; font-weight: bold;'>Fail</td><td>22696</td></tr>
<tr><td>2</td><td>Mutual Fund Current Value</td><td style='background-color: red;color: white; font-weight: bold;'>Fail</td><td>42523</td></tr>
<tr><td>3</td><td>Mutual Fund Invest Button</td><td style='background-color: green;color: white; font-weight: bold;'>Pass</td><td>1532</td></tr>
<tr><td>4</td><td>Mutual Fund SIP Place Order</td><td style='background-color: green;color: white; font-weight: bold;'>Pass</td><td>785</td></tr>
<tr><td>5</td><td>Mutual Fund Lumpsum Place Order</td><td style='background-color: green;color: white; font-weight: bold;'>Pass</td><td>136</td></tr>
<tr><td>6</td><td>Mutual Fund Order Book Buy</td><td style='background-color: green;color: white; font-weight: bold;'>Pass</td><td>1617</td></tr>
<tr><td>7</td><td>Mutual Fund Order Book Sips</td><td style='background-color: green;color: white; font-weight: bold;'>Pass</td><td>3049</td></tr>
<tr><td>8</td><td>Mutual Fund Order Book Sell</td><td style='background-color: green;color: white; font-weight: bold;'>Pass</td><td>627</td></tr>
<tr><td>9</td><td>Mutual Fund Order Book Switch</td><td style='background-color: green;color: white; font-weight: bold;'>Pass</td><td>1651</td></tr>
<tr><td>10</td><td>Mutual Fund Order Book SWP</td><td style='background-color: green;color: white; font-weight: bold;'>Pass</td><td>1198</td></tr>
<tr><td>11</td><td>Mutual Fund Order Book STP</td><td style='background-color: green;color: white; font-weight: bold;'>Pass</td><td>1701</td></tr>
<tr><td>12</td><td>Mutual Funds Portfolio</td><td style='background-color: red;color: white; font-weight: bold;'>Fail</td><td>22259</td></tr>
<tr><td>13</td><td>Mutual Funds Holdings Summary Overview</td><td style='background-color: green;color: white; font-weight: bold;'>Pass</td><td>174</td></tr>
<tr><td>14</td><td>Mutual Funds Holdings Summary Your Returns</td><td style='background-color: green;color: white; font-weight: bold;'>Pass</td><td>3215</td></tr>
<tr><td>15</td><td>Mutual Funds Holdings Summary Transactions</td><td style='background-color: green;color: white; font-weight: bold;'>Pass</td><td>83</td></tr>
<tr><td>16</td><td>Mutual Funds Holdings Withdraw OneTime</td><td style='background-color: green;color: white; font-weight: bold;'>Pass</td><td>3036</td></tr>
<tr><td>17</td><td>Mutual Funds Holdings Withdraw SWP</td><td style='background-color: green;color: white; font-weight: bold;'>Pass</td><td>191</td></tr>
<tr><td>18</td><td>Mutual Funds Holdings Switch FullAmount</td><td style='background-color: red;color: white; font-weight: bold;'>Fail</td><td>20149</td></tr>
<tr><td>19</td><td>Mutual Funds Holdings switch STP</td><td style='background-color: green;color: white; font-weight: bold;'>Pass</td><td>870</td></tr>
</table>]]>
  </system-out>
</testsuite> <!-- nadeem.MutualFunds -->
