<?xml version="1.0" encoding="UTF-8"?>
<!-- Generated by org.testng.reporters.JUnitReportReporter -->
<testsuite hostname="MOT-32333-L" failures="0" tests="1" name="nadeem.AppiumSetup" time="13.669" errors="0" timestamp="2025-03-10T13:09:08 IST" skipped="0">
  <testcase classname="nadeem.AppiumSetup" name="initializeDriver" time="13.669"/>
</testsuite> <!-- nadeem.AppiumSetup -->
