<?xml version="1.0" encoding="UTF-8"?>
<!-- Generated by org.testng.reporters.JUnitReportReporter -->
<testsuite hostname="MOT-32333-L" failures="0" tests="2" name="nadeem.AppRegressionII" time="559.755" errors="0" timestamp="2025-07-03T14:13:43 IST" skipped="0">
  <testcase classname="nadeem.AppRegressionII" name="Verify_user_login_and_clicks_on_RDD" time="27.032"/>
  <testcase classname="nadeem.AppRegressionII" name="mainMethod" time="532.723">
    <system-out>
      <![CDATA[<h3>Execution Report</h3>
<table border='1' style='border-collapse: collapse; width: 75%; text-align: center;'>
<tr><th>Sr. No</th><th>Test Case</th><th>Status</th><th>Time Taken (ms)</th></tr>
<tr><td>1</td><td>Stocks Button homescreen Redirection</td><td style='background-color: green;color: white; font-weight: bold;'>Pass</td><td>1228</td></tr>
<tr><td>2</td><td>Authorised Sell EDIS Redirection</td><td style='background-color: green;color: white; font-weight: bold;'>Pass</td><td>676</td></tr>
<tr><td>3</td><td>Portfolio Script Search</td><td style='background-color: green;color: white; font-weight: bold;'>Pass</td><td>1284</td></tr>
<tr><td>4</td><td>Portfolio Gainers</td><td style='background-color: green;color: white; font-weight: bold;'>Pass</td><td>4323</td></tr>
<tr><td>5</td><td>Portfolio Losers</td><td style='background-color: green;color: white; font-weight: bold;'>Pass</td><td>3823</td></tr>
<tr><td>6</td><td>Portfolio Sort Z-A</td><td style='background-color: green;color: white; font-weight: bold;'>Pass</td><td>811</td></tr>
<tr><td>7</td><td>Portfolio Sort A-Z</td><td style='background-color: green;color: white; font-weight: bold;'>Pass</td><td>248</td></tr>
<tr><td>8</td><td>MF Invest Button homescreen Redirection</td><td style='background-color: green;color: white; font-weight: bold;'>Pass</td><td>1458</td></tr>
<tr><td>9</td><td>6 indices Edit Indices Error message</td><td style='background-color: green;color: white; font-weight: bold;'>Pass</td><td>30531</td></tr>
</table>]]>
    </system-out>
  </testcase> <!-- mainMethod -->
  <system-out>
    <![CDATA[<h3>Execution Report</h3>
<table border='1' style='border-collapse: collapse; width: 75%; text-align: center;'>
<tr><th>Sr. No</th><th>Test Case</th><th>Status</th><th>Time Taken (ms)</th></tr>
<tr><td>1</td><td>Stocks Button homescreen Redirection</td><td style='background-color: green;color: white; font-weight: bold;'>Pass</td><td>1228</td></tr>
<tr><td>2</td><td>Authorised Sell EDIS Redirection</td><td style='background-color: green;color: white; font-weight: bold;'>Pass</td><td>676</td></tr>
<tr><td>3</td><td>Portfolio Script Search</td><td style='background-color: green;color: white; font-weight: bold;'>Pass</td><td>1284</td></tr>
<tr><td>4</td><td>Portfolio Gainers</td><td style='background-color: green;color: white; font-weight: bold;'>Pass</td><td>4323</td></tr>
<tr><td>5</td><td>Portfolio Losers</td><td style='background-color: green;color: white; font-weight: bold;'>Pass</td><td>3823</td></tr>
<tr><td>6</td><td>Portfolio Sort Z-A</td><td style='background-color: green;color: white; font-weight: bold;'>Pass</td><td>811</td></tr>
<tr><td>7</td><td>Portfolio Sort A-Z</td><td style='background-color: green;color: white; font-weight: bold;'>Pass</td><td>248</td></tr>
<tr><td>8</td><td>MF Invest Button homescreen Redirection</td><td style='background-color: green;color: white; font-weight: bold;'>Pass</td><td>1458</td></tr>
<tr><td>9</td><td>6 indices Edit Indices Error message</td><td style='background-color: green;color: white; font-weight: bold;'>Pass</td><td>30531</td></tr>
</table>]]>
  </system-out>
</testsuite> <!-- nadeem.AppRegressionII -->
