<?xml version="1.0" encoding="UTF-8"?>
<!-- Generated by org.testng.reporters.JUnitReportReporter -->
<testsuite hostname="MOT-32333-L" failures="0" tests="7" name="nadeem.Elementtext" time="91.347" errors="0" timestamp="2025-09-12T10:21:24 IST" skipped="5">
  <testcase classname="nadeem.Elementtext" name="Verify_user_login_and_clicks_on_RDD" time="24.662"/>
  <testcase classname="nadeem.Elementtext" name="portfoliokebabmenu" time="66.685"/>
  <testcase classname="nadeem.Elementtext" name="portfolioscraping">
    <skipped/>
  </testcase> <!-- portfolioscraping -->
  <testcase classname="nadeem.Elementtext" name="homepageexploretwebscraping">
    <skipped/>
  </testcase> <!-- homepageexploretwebscraping -->
  <testcase classname="nadeem.Elementtext" name="watchlistscraping">
    <skipped/>
  </testcase> <!-- watchlistscraping -->
  <testcase classname="nadeem.Elementtext" name="getquotescraping">
    <skipped/>
  </testcase> <!-- getquotescraping -->
  <testcase classname="nadeem.Elementtext" name="watchlistkebabmenu">
    <skipped/>
  </testcase> <!-- watchlistkebabmenu -->
</testsuite> <!-- nadeem.Elementtext -->
