<?xml version="1.0" encoding="UTF-8"?>
<!-- Generated by org.testng.reporters.JUnitReportReporter -->
<testsuite hostname="MOT-32333-L" failures="0" tests="4" name="nadeem.Familyportfoliobenchamarking" time="293.596" errors="0" timestamp="2025-06-03T18:10:52 IST" skipped="0">
  <testcase classname="nadeem.Familyportfoliobenchamarking" name="Verify_user_login_and_clicks_on_RDD" time="25.256"/>
  <testcase classname="nadeem.Familyportfoliobenchamarking" name="FamilysummaryAll" time="55.901">
    <system-out>
      <![CDATA[<h3>Family Summary All</h3>
<table border='1' style='border-collapse: collapse; width: 75%; text-align: center;'>
<tr><th>Iteration Count</th><th>Time Taken (ms)</th><th>Status</th></tr>
<tr><td>1</td><td>251</td><td style='background-color: green;color: white; font-weight: bold;'>Pass</td></tr>
<tr><td>2</td><td>197</td><td style='background-color: green;color: white; font-weight: bold;'>Pass</td></tr>
<tr><td>3</td><td>223</td><td style='background-color: green;color: white; font-weight: bold;'>Pass</td></tr>
<tr><td>4</td><td>221</td><td style='background-color: green;color: white; font-weight: bold;'>Pass</td></tr>
<tr><td>5</td><td>1525</td><td style='background-color: green;color: white; font-weight: bold;'>Pass</td></tr>
<tr><td>6</td><td>194</td><td style='background-color: green;color: white; font-weight: bold;'>Pass</td></tr>
<tr><td>7</td><td>1029</td><td style='background-color: green;color: white; font-weight: bold;'>Pass</td></tr>
<tr><td>8</td><td>220</td><td style='background-color: green;color: white; font-weight: bold;'>Pass</td></tr>
<tr><td>9</td><td>246</td><td style='background-color: green;color: white; font-weight: bold;'>Pass</td></tr>
<tr><td>10</td><td>3837</td><td style='background-color: green;color: white; font-weight: bold;'>Pass</td></tr>
<tr><td>11</td><td>239</td><td style='background-color: green;color: white; font-weight: bold;'>Pass</td></tr>
<tr><td>12</td><td>171</td><td style='background-color: green;color: white; font-weight: bold;'>Pass</td></tr>
<tr><td>13</td><td>201</td><td style='background-color: green;color: white; font-weight: bold;'>Pass</td></tr>
<tr><td>14</td><td>1016</td><td style='background-color: green;color: white; font-weight: bold;'>Pass</td></tr>
<tr><td>15</td><td>1687</td><td style='background-color: green;color: white; font-weight: bold;'>Pass</td></tr>
</table>]]>
    </system-out>
  </testcase> <!-- FamilysummaryAll -->
  <testcase classname="nadeem.Familyportfoliobenchamarking" name="IndividualStocks" time="87.694">
    <system-out>
      <![CDATA[<h3>Individual portfolio Stocks Tab</h3>
<table border='1' style='border-collapse: collapse; width: 75%; text-align: center;'>
<tr><th>Iteration Count</th><th>Time Taken (ms)</th><th>Status</th></tr>
<tr><td>1</td><td>169</td><td style='background-color: green;color: white; font-weight: bold;'>Pass</td></tr>
<tr><td>2</td><td>1027</td><td style='background-color: green;color: white; font-weight: bold;'>Pass</td></tr>
<tr><td>3</td><td>1107</td><td style='background-color: green;color: white; font-weight: bold;'>Pass</td></tr>
<tr><td>4</td><td>785</td><td style='background-color: green;color: white; font-weight: bold;'>Pass</td></tr>
<tr><td>5</td><td>734</td><td style='background-color: green;color: white; font-weight: bold;'>Pass</td></tr>
<tr><td>6</td><td>250</td><td style='background-color: green;color: white; font-weight: bold;'>Pass</td></tr>
<tr><td>7</td><td>231</td><td style='background-color: green;color: white; font-weight: bold;'>Pass</td></tr>
<tr><td>8</td><td>261</td><td style='background-color: green;color: white; font-weight: bold;'>Pass</td></tr>
<tr><td>9</td><td>8118</td><td style='background-color: green;color: white; font-weight: bold;'>Pass</td></tr>
<tr><td>10</td><td>205</td><td style='background-color: green;color: white; font-weight: bold;'>Pass</td></tr>
<tr><td>11</td><td>1385</td><td style='background-color: green;color: white; font-weight: bold;'>Pass</td></tr>
<tr><td>12</td><td>759</td><td style='background-color: green;color: white; font-weight: bold;'>Pass</td></tr>
<tr><td>13</td><td>675</td><td style='background-color: green;color: white; font-weight: bold;'>Pass</td></tr>
<tr><td>14</td><td>3293</td><td style='background-color: green;color: white; font-weight: bold;'>Pass</td></tr>
<tr><td>15</td><td>726</td><td style='background-color: green;color: white; font-weight: bold;'>Pass</td></tr>
</table>]]>
    </system-out>
  </testcase> <!-- IndividualStocks -->
  <testcase classname="nadeem.Familyportfoliobenchamarking" name="IndividualMF" time="124.745">
    <system-out>
      <![CDATA[<h3>Individual portfolio MF Tab</h3>
<table border='1' style='border-collapse: collapse; width: 75%; text-align: center;'>
<tr><th>Iteration Count</th><th>Time Taken (ms)</th><th>Status</th></tr>
<tr><td>1</td><td>672</td><td style='background-color: green;color: white; font-weight: bold;'>Pass</td></tr>
<tr><td>2</td><td>1726</td><td style='background-color: green;color: white; font-weight: bold;'>Pass</td></tr>
<tr><td>3</td><td>722</td><td style='background-color: green;color: white; font-weight: bold;'>Pass</td></tr>
<tr><td>4</td><td>3138</td><td style='background-color: green;color: white; font-weight: bold;'>Pass</td></tr>
<tr><td>5</td><td>784</td><td style='background-color: green;color: white; font-weight: bold;'>Pass</td></tr>
<tr><td>6</td><td>144</td><td style='background-color: green;color: white; font-weight: bold;'>Pass</td></tr>
<tr><td>7</td><td>1997</td><td style='background-color: green;color: white; font-weight: bold;'>Pass</td></tr>
<tr><td>8</td><td>7268</td><td style='background-color: green;color: white; font-weight: bold;'>Pass</td></tr>
<tr><td>9</td><td>724</td><td style='background-color: green;color: white; font-weight: bold;'>Pass</td></tr>
<tr><td>10</td><td>762</td><td style='background-color: green;color: white; font-weight: bold;'>Pass</td></tr>
<tr><td>11</td><td>3396</td><td style='background-color: green;color: white; font-weight: bold;'>Pass</td></tr>
<tr><td>12</td><td>3780</td><td style='background-color: green;color: white; font-weight: bold;'>Pass</td></tr>
<tr><td>13</td><td>1222</td><td style='background-color: green;color: white; font-weight: bold;'>Pass</td></tr>
<tr><td>14</td><td>1028</td><td style='background-color: green;color: white; font-weight: bold;'>Pass</td></tr>
<tr><td>15</td><td>194</td><td style='background-color: green;color: white; font-weight: bold;'>Pass</td></tr>
</table>]]>
    </system-out>
  </testcase> <!-- IndividualMF -->
  <system-out>
    <![CDATA[<h3>Family Summary All</h3>
<table border='1' style='border-collapse: collapse; width: 75%; text-align: center;'>
<tr><th>Iteration Count</th><th>Time Taken (ms)</th><th>Status</th></tr>
<tr><td>1</td><td>251</td><td style='background-color: green;color: white; font-weight: bold;'>Pass</td></tr>
<tr><td>2</td><td>197</td><td style='background-color: green;color: white; font-weight: bold;'>Pass</td></tr>
<tr><td>3</td><td>223</td><td style='background-color: green;color: white; font-weight: bold;'>Pass</td></tr>
<tr><td>4</td><td>221</td><td style='background-color: green;color: white; font-weight: bold;'>Pass</td></tr>
<tr><td>5</td><td>1525</td><td style='background-color: green;color: white; font-weight: bold;'>Pass</td></tr>
<tr><td>6</td><td>194</td><td style='background-color: green;color: white; font-weight: bold;'>Pass</td></tr>
<tr><td>7</td><td>1029</td><td style='background-color: green;color: white; font-weight: bold;'>Pass</td></tr>
<tr><td>8</td><td>220</td><td style='background-color: green;color: white; font-weight: bold;'>Pass</td></tr>
<tr><td>9</td><td>246</td><td style='background-color: green;color: white; font-weight: bold;'>Pass</td></tr>
<tr><td>10</td><td>3837</td><td style='background-color: green;color: white; font-weight: bold;'>Pass</td></tr>
<tr><td>11</td><td>239</td><td style='background-color: green;color: white; font-weight: bold;'>Pass</td></tr>
<tr><td>12</td><td>171</td><td style='background-color: green;color: white; font-weight: bold;'>Pass</td></tr>
<tr><td>13</td><td>201</td><td style='background-color: green;color: white; font-weight: bold;'>Pass</td></tr>
<tr><td>14</td><td>1016</td><td style='background-color: green;color: white; font-weight: bold;'>Pass</td></tr>
<tr><td>15</td><td>1687</td><td style='background-color: green;color: white; font-weight: bold;'>Pass</td></tr>
</table>
<h3>Individual portfolio Stocks Tab</h3>
<table border='1' style='border-collapse: collapse; width: 75%; text-align: center;'>
<tr><th>Iteration Count</th><th>Time Taken (ms)</th><th>Status</th></tr>
<tr><td>1</td><td>169</td><td style='background-color: green;color: white; font-weight: bold;'>Pass</td></tr>
<tr><td>2</td><td>1027</td><td style='background-color: green;color: white; font-weight: bold;'>Pass</td></tr>
<tr><td>3</td><td>1107</td><td style='background-color: green;color: white; font-weight: bold;'>Pass</td></tr>
<tr><td>4</td><td>785</td><td style='background-color: green;color: white; font-weight: bold;'>Pass</td></tr>
<tr><td>5</td><td>734</td><td style='background-color: green;color: white; font-weight: bold;'>Pass</td></tr>
<tr><td>6</td><td>250</td><td style='background-color: green;color: white; font-weight: bold;'>Pass</td></tr>
<tr><td>7</td><td>231</td><td style='background-color: green;color: white; font-weight: bold;'>Pass</td></tr>
<tr><td>8</td><td>261</td><td style='background-color: green;color: white; font-weight: bold;'>Pass</td></tr>
<tr><td>9</td><td>8118</td><td style='background-color: green;color: white; font-weight: bold;'>Pass</td></tr>
<tr><td>10</td><td>205</td><td style='background-color: green;color: white; font-weight: bold;'>Pass</td></tr>
<tr><td>11</td><td>1385</td><td style='background-color: green;color: white; font-weight: bold;'>Pass</td></tr>
<tr><td>12</td><td>759</td><td style='background-color: green;color: white; font-weight: bold;'>Pass</td></tr>
<tr><td>13</td><td>675</td><td style='background-color: green;color: white; font-weight: bold;'>Pass</td></tr>
<tr><td>14</td><td>3293</td><td style='background-color: green;color: white; font-weight: bold;'>Pass</td></tr>
<tr><td>15</td><td>726</td><td style='background-color: green;color: white; font-weight: bold;'>Pass</td></tr>
</table>
<h3>Individual portfolio MF Tab</h3>
<table border='1' style='border-collapse: collapse; width: 75%; text-align: center;'>
<tr><th>Iteration Count</th><th>Time Taken (ms)</th><th>Status</th></tr>
<tr><td>1</td><td>672</td><td style='background-color: green;color: white; font-weight: bold;'>Pass</td></tr>
<tr><td>2</td><td>1726</td><td style='background-color: green;color: white; font-weight: bold;'>Pass</td></tr>
<tr><td>3</td><td>722</td><td style='background-color: green;color: white; font-weight: bold;'>Pass</td></tr>
<tr><td>4</td><td>3138</td><td style='background-color: green;color: white; font-weight: bold;'>Pass</td></tr>
<tr><td>5</td><td>784</td><td style='background-color: green;color: white; font-weight: bold;'>Pass</td></tr>
<tr><td>6</td><td>144</td><td style='background-color: green;color: white; font-weight: bold;'>Pass</td></tr>
<tr><td>7</td><td>1997</td><td style='background-color: green;color: white; font-weight: bold;'>Pass</td></tr>
<tr><td>8</td><td>7268</td><td style='background-color: green;color: white; font-weight: bold;'>Pass</td></tr>
<tr><td>9</td><td>724</td><td style='background-color: green;color: white; font-weight: bold;'>Pass</td></tr>
<tr><td>10</td><td>762</td><td style='background-color: green;color: white; font-weight: bold;'>Pass</td></tr>
<tr><td>11</td><td>3396</td><td style='background-color: green;color: white; font-weight: bold;'>Pass</td></tr>
<tr><td>12</td><td>3780</td><td style='background-color: green;color: white; font-weight: bold;'>Pass</td></tr>
<tr><td>13</td><td>1222</td><td style='background-color: green;color: white; font-weight: bold;'>Pass</td></tr>
<tr><td>14</td><td>1028</td><td style='background-color: green;color: white; font-weight: bold;'>Pass</td></tr>
<tr><td>15</td><td>194</td><td style='background-color: green;color: white; font-weight: bold;'>Pass</td></tr>
</table>]]>
  </system-out>
</testsuite> <!-- nadeem.Familyportfoliobenchamarking -->
