<?xml version="1.0" encoding="UTF-8"?>
<!-- Generated by org.testng.reporters.JUnitReportReporter -->
<testsuite hostname="MOT-32333-L" failures="0" tests="2" name="nadeem.portfoliobenchmarking" time="279.692" errors="0" timestamp="2025-05-28T15:30:11 IST" skipped="0">
  <testcase classname="nadeem.portfoliobenchmarking" name="Verify_user_login_and_clicks_on_RDD" time="26.774"/>
  <testcase classname="nadeem.portfoliobenchmarking" name="runBenchmark" time="252.918">
    <system-out>
      <![CDATA[<h3>Execution Report</h3>
<table border='1' style='border-collapse: collapse; width: 75%; text-align: center;'>
<tr><th>Sr. No</th><th>Test Case</th><th>Status</th><th>Time Taken (ms)</th></tr>
<tr><td>1</td><td>Family Portfolio All</td><td style='background-color: green; color: white; font-weight: bold;'>Pass</td><td>22474</td></tr>
<tr><td>2</td><td>Family Portfolio All</td><td style='background-color: green; color: white; font-weight: bold;'>Pass</td><td>30194</td></tr>
<tr><td>3</td><td>Family Portfolio All</td><td style='background-color: green; color: white; font-weight: bold;'>Pass</td><td>248</td></tr>
</table>]]>
    </system-out>
  </testcase> <!-- runBenchmark -->
  <system-out>
    <![CDATA[<h3>Execution Report</h3>
<table border='1' style='border-collapse: collapse; width: 75%; text-align: center;'>
<tr><th>Sr. No</th><th>Test Case</th><th>Status</th><th>Time Taken (ms)</th></tr>
<tr><td>1</td><td>Family Portfolio All</td><td style='background-color: green; color: white; font-weight: bold;'>Pass</td><td>22474</td></tr>
<tr><td>2</td><td>Family Portfolio All</td><td style='background-color: green; color: white; font-weight: bold;'>Pass</td><td>30194</td></tr>
<tr><td>3</td><td>Family Portfolio All</td><td style='background-color: green; color: white; font-weight: bold;'>Pass</td><td>248</td></tr>
</table>]]>
  </system-out>
</testsuite> <!-- nadeem.portfoliobenchmarking -->
