<?xml version="1.0" encoding="UTF-8"?>
<!-- Generated by org.testng.reporters.JUnitReportReporter -->
<testsuite hostname="MOT-32333-L" failures="0" tests="10" name="stepDefinations.TestRunner" time="26.043" errors="9" timestamp="2025-09-04T16:44:07 IST" skipped="0">
  <testcase classname="stepDefinations.TestRunner" name="runScenario" time="0.021">
    <error message="Cannot invoke &quot;io.appium.java_client.android.AndroidDriver.perform(java.util.Collection)&quot; because &quot;Driver&quot; is null" type="java.lang.NullPointerException">
      <![CDATA[java.lang.NullPointerException: Cannot invoke "io.appium.java_client.android.AndroidDriver.perform(java.util.Collection)" because "Driver" is null
at pageobjects.ResusableMethods.horizontalSwipetillElement(ResusableMethods.java:66)
at stepDefinations.steps.user_scrolls_indices_left(steps.java:239)
at ✽.user scrolls indices left(file:///D:/Mo%20Trading%20Automation/MoAutomation/src/test/resources/features/Regression.feature:56)
]]>
    </error>
  </testcase> <!-- runScenario -->
  <testcase classname="stepDefinations.TestRunner" name="runScenario" time="25.825"/>
  <testcase classname="stepDefinations.TestRunner" name="runScenario" time="0.009">
    <error message="Cannot invoke &quot;org.openqa.selenium.SearchContext.findElement(org.openqa.selenium.By)&quot; because &quot;this.searchContext&quot; is null" type="java.lang.NullPointerException">
      <![CDATA[java.lang.NullPointerException: Cannot invoke "org.openqa.selenium.SearchContext.findElement(org.openqa.selenium.By)" because "this.searchContext" is null
at org.openqa.selenium.support.pagefactory.DefaultElementLocator.findElement(DefaultElementLocator.java:68)
at org.openqa.selenium.support.pagefactory.internal.LocatingElementHandler.invoke(LocatingElementHandler.java:38)
at jdk.proxy2/jdk.proxy2.$Proxy26.click(Unknown Source)
at stepDefinations.steps.user_clicks_on_gainers(steps.java:131)
at ✽.user clicks on gainers(file:///D:/Mo%20Trading%20Automation/MoAutomation/src/test/resources/features/Regression.feature:30)
]]>
    </error>
  </testcase> <!-- runScenario -->
  <testcase classname="stepDefinations.TestRunner" name="runScenario" time="0.014">
    <error message="Cannot invoke &quot;org.openqa.selenium.SearchContext.findElement(org.openqa.selenium.By)&quot; because &quot;this.searchContext&quot; is null" type="java.lang.NullPointerException">
      <![CDATA[java.lang.NullPointerException: Cannot invoke "org.openqa.selenium.SearchContext.findElement(org.openqa.selenium.By)" because "this.searchContext" is null
at org.openqa.selenium.support.pagefactory.DefaultElementLocator.findElement(DefaultElementLocator.java:68)
at org.openqa.selenium.support.pagefactory.internal.LocatingElementHandler.invoke(LocatingElementHandler.java:38)
at jdk.proxy2/jdk.proxy2.$Proxy26.click(Unknown Source)
at stepDefinations.steps.user_clicks_on_explore_button_in_bottom_bar(steps.java:209)
at ✽.user clicks on Explore button in bottom bar(file:///D:/Mo%20Trading%20Automation/MoAutomation/src/test/resources/features/Regression.feature:50)
]]>
    </error>
  </testcase> <!-- runScenario -->
  <testcase classname="stepDefinations.TestRunner" name="runScenario" time="0.103">
    <error message="Cannot invoke &quot;org.openqa.selenium.SearchContext.findElement(org.openqa.selenium.By)&quot; because &quot;this.searchContext&quot; is null" type="java.lang.NullPointerException">
      <![CDATA[java.lang.NullPointerException: Cannot invoke "org.openqa.selenium.SearchContext.findElement(org.openqa.selenium.By)" because "this.searchContext" is null
at org.openqa.selenium.support.pagefactory.DefaultElementLocator.findElement(DefaultElementLocator.java:68)
at org.openqa.selenium.support.pagefactory.internal.LocatingElementHandler.invoke(LocatingElementHandler.java:38)
at jdk.proxy2/jdk.proxy2.$Proxy26.click(Unknown Source)
at stepDefinations.steps.user_clicks_on_home_tab(steps.java:59)
at ✽.User clicks on home tab(file:///D:/Mo%20Trading%20Automation/MoAutomation/src/test/resources/features/Regression.feature:10)
]]>
    </error>
  </testcase> <!-- runScenario -->
  <testcase classname="stepDefinations.TestRunner" name="runScenario" time="0.009">
    <error message="Cannot invoke &quot;org.openqa.selenium.SearchContext.findElement(org.openqa.selenium.By)&quot; because &quot;this.searchContext&quot; is null" type="java.lang.NullPointerException">
      <![CDATA[java.lang.NullPointerException: Cannot invoke "org.openqa.selenium.SearchContext.findElement(org.openqa.selenium.By)" because "this.searchContext" is null
at org.openqa.selenium.support.pagefactory.DefaultElementLocator.findElement(DefaultElementLocator.java:68)
at org.openqa.selenium.support.pagefactory.internal.LocatingElementHandler.invoke(LocatingElementHandler.java:38)
at jdk.proxy2/jdk.proxy2.$Proxy26.click(Unknown Source)
at stepDefinations.steps.user_clicks_on_loosers(steps.java:147)
at ✽.user clicks on loosers(file:///D:/Mo%20Trading%20Automation/MoAutomation/src/test/resources/features/Regression.feature:34)
]]>
    </error>
  </testcase> <!-- runScenario -->
  <testcase classname="stepDefinations.TestRunner" name="runScenario" time="0.017">
    <error message="Cannot invoke &quot;org.openqa.selenium.SearchContext.findElement(org.openqa.selenium.By)&quot; because &quot;this.searchContext&quot; is null" type="java.lang.NullPointerException">
      <![CDATA[java.lang.NullPointerException: Cannot invoke "org.openqa.selenium.SearchContext.findElement(org.openqa.selenium.By)" because "this.searchContext" is null
at org.openqa.selenium.support.pagefactory.DefaultElementLocator.findElement(DefaultElementLocator.java:68)
at org.openqa.selenium.support.pagefactory.internal.LocatingElementHandler.invoke(LocatingElementHandler.java:38)
at jdk.proxy2/jdk.proxy2.$Proxy26.click(Unknown Source)
at stepDefinations.steps.user_clicks_on_edis_button(steps.java:81)
at ✽.user clicks on edis button(file:///D:/Mo%20Trading%20Automation/MoAutomation/src/test/resources/features/Regression.feature:16)
]]>
    </error>
  </testcase> <!-- runScenario -->
  <testcase classname="stepDefinations.TestRunner" name="runScenario" time="0.017">
    <error message="Cannot invoke &quot;org.openqa.selenium.SearchContext.findElement(org.openqa.selenium.By)&quot; because &quot;this.searchContext&quot; is null" type="java.lang.NullPointerException">
      <![CDATA[java.lang.NullPointerException: Cannot invoke "org.openqa.selenium.SearchContext.findElement(org.openqa.selenium.By)" because "this.searchContext" is null
at org.openqa.selenium.support.pagefactory.DefaultElementLocator.findElement(DefaultElementLocator.java:68)
at org.openqa.selenium.support.pagefactory.internal.LocatingElementHandler.invoke(LocatingElementHandler.java:38)
at jdk.proxy2/jdk.proxy2.$Proxy26.click(Unknown Source)
at stepDefinations.steps.user_clicks_on_search_icon(steps.java:98)
at ✽.user clicks on search icon(file:///D:/Mo%20Trading%20Automation/MoAutomation/src/test/resources/features/Regression.feature:20)
]]>
    </error>
  </testcase> <!-- runScenario -->
  <testcase classname="stepDefinations.TestRunner" name="runScenario" time="0.017">
    <error message="Cannot invoke &quot;org.openqa.selenium.SearchContext.findElement(org.openqa.selenium.By)&quot; because &quot;this.searchContext&quot; is null" type="java.lang.NullPointerException">
      <![CDATA[java.lang.NullPointerException: Cannot invoke "org.openqa.selenium.SearchContext.findElement(org.openqa.selenium.By)" because "this.searchContext" is null
at org.openqa.selenium.support.pagefactory.DefaultElementLocator.findElement(DefaultElementLocator.java:68)
at org.openqa.selenium.support.pagefactory.internal.LocatingElementHandler.invoke(LocatingElementHandler.java:38)
at jdk.proxy2/jdk.proxy2.$Proxy26.click(Unknown Source)
at stepDefinations.steps.user_clicks_on_kebab_menu(steps.java:163)
at ✽.user clicks on kebab menu(file:///D:/Mo%20Trading%20Automation/MoAutomation/src/test/resources/features/Regression.feature:38)
]]>
    </error>
  </testcase> <!-- runScenario -->
  <testcase classname="stepDefinations.TestRunner" name="runScenario" time="0.011">
    <error message="Cannot invoke &quot;org.openqa.selenium.SearchContext.findElement(org.openqa.selenium.By)&quot; because &quot;this.searchContext&quot; is null" type="java.lang.NullPointerException">
      <![CDATA[java.lang.NullPointerException: Cannot invoke "org.openqa.selenium.SearchContext.findElement(org.openqa.selenium.By)" because "this.searchContext" is null
at org.openqa.selenium.support.pagefactory.DefaultElementLocator.findElement(DefaultElementLocator.java:68)
at org.openqa.selenium.support.pagefactory.internal.LocatingElementHandler.invoke(LocatingElementHandler.java:38)
at jdk.proxy2/jdk.proxy2.$Proxy26.click(Unknown Source)
at stepDefinations.steps.user_clicks_on_kebab_menu(steps.java:163)
at ✽.user clicks on kebab menu(file:///D:/Mo%20Trading%20Automation/MoAutomation/src/test/resources/features/Regression.feature:44)
]]>
    </error>
  </testcase> <!-- runScenario -->
</testsuite> <!-- stepDefinations.TestRunner -->
