<?xml version="1.0" encoding="UTF-8"?>
<!-- Generated by org.testng.reporters.JUnitReportReporter -->
<testsuite hostname="MOT-32333-L" failures="0" tests="2" name="stepDefinations.TestRrunner" time="13.043" errors="0" timestamp="2025-09-04T20:12:34 IST" skipped="0">
  <testcase classname="stepDefinations.TestRrunner" name="runScenario" time="0.007"/>
  <testcase classname="stepDefinations.TestRrunner" name="runScenario" time="13.036"/>
</testsuite> <!-- stepDefinations.TestRrunner -->
