<?xml version="1.0" encoding="UTF-8"?>
<!-- Generated by org.testng.reporters.JUnitReportReporter -->
<testsuite hostname="MOT-32333-L" failures="0" tests="2" name="nadeem.bcastTest" time="26.661" errors="0" timestamp="2025-05-29T17:03:43 IST" skipped="0">
  <testcase classname="nadeem.bcastTest" name="Verify_user_login_and_clicks_on_RDD" time="25.196"/>
  <testcase classname="nadeem.bcastTest" name="bcastTestNifty50" time="1.465">
    <system-out>
      <![CDATA[<table border='1' style='border-collapse:collapse;width:60%;text-align:center;'><tr style='background-color:#f2f2f2;'><th>Ticker Name</th><th>Status</th><th>Bcast Value</th><th>Timestamp</th></tr><tr><td>bcastTestNifty50</td><td>Updating Broadcast</td><td>24,833.60</td><td>2025-05-29 17:03:42</td></tr>
<table border='1' style='border-collapse:collapse;width:60%;text-align:center;'><tr style='background-color:#f2f2f2;'><th>Ticker Name</th><th>Status</th><th>Bcast Value</th><th>Timestamp</th></tr><tr><td>bcastTestNifty50</td><td>Updating Broadcast</td><td>24,833.60</td><td>2025-05-29 17:03:42</td></tr><tr><td>bcastTestNifty50</td><td>Broadcast Update Failed</td><td>24,833.60</td><td>2025-05-29 17:03:42</td></tr>
<table border='1' style='border-collapse:collapse;width:60%;text-align:center;'><tr style='background-color:#f2f2f2;'><th>Ticker Name</th><th>Status</th><th>Bcast Value</th><th>Timestamp</th></tr><tr><td>bcastTestNifty50</td><td>Updating Broadcast</td><td>24,833.60</td><td>2025-05-29 17:03:42</td></tr><tr><td>bcastTestNifty50</td><td>Broadcast Update Failed</td><td>24,833.60</td><td>2025-05-29 17:03:42</td></tr><tr><td>bcastTestNifty50</td><td>Broadcast Update Failed</td><td>24,833.60</td><td>2025-05-29 17:03:43</td></tr>
<table border='1' style='border-collapse:collapse;width:60%;text-align:center;'><tr style='background-color:#f2f2f2;'><th>Ticker Name</th><th>Status</th><th>Bcast Value</th><th>Timestamp</th></tr><tr><td>bcastTestNifty50</td><td>Updating Broadcast</td><td>24,833.60</td><td>2025-05-29 17:03:42</td></tr><tr><td>bcastTestNifty50</td><td>Broadcast Update Failed</td><td>24,833.60</td><td>2025-05-29 17:03:42</td></tr><tr><td>bcastTestNifty50</td><td>Broadcast Update Failed</td><td>24,833.60</td><td>2025-05-29 17:03:43</td></tr><tr><td>bcastTestNifty50</td><td>Broadcast Update Failed</td><td>24,833.60</td><td>2025-05-29 17:03:43</td></tr>
<table border='1' style='border-collapse:collapse;width:60%;text-align:center;'><tr style='background-color:#f2f2f2;'><th>Ticker Name</th><th>Status</th><th>Bcast Value</th><th>Timestamp</th></tr><tr><td>bcastTestNifty50</td><td>Updating Broadcast</td><td>24,833.60</td><td>2025-05-29 17:03:42</td></tr><tr><td>bcastTestNifty50</td><td>Broadcast Update Failed</td><td>24,833.60</td><td>2025-05-29 17:03:42</td></tr><tr><td>bcastTestNifty50</td><td>Broadcast Update Failed</td><td>24,833.60</td><td>2025-05-29 17:03:43</td></tr><tr><td>bcastTestNifty50</td><td>Broadcast Update Failed</td><td>24,833.60</td><td>2025-05-29 17:03:43</td></tr></table>]]>
    </system-out>
  </testcase> <!-- bcastTestNifty50 -->
  <system-out>
    <![CDATA[<table border='1' style='border-collapse:collapse;width:60%;text-align:center;'><tr style='background-color:#f2f2f2;'><th>Ticker Name</th><th>Status</th><th>Bcast Value</th><th>Timestamp</th></tr><tr><td>bcastTestNifty50</td><td>Updating Broadcast</td><td>24,833.60</td><td>2025-05-29 17:03:42</td></tr>
<table border='1' style='border-collapse:collapse;width:60%;text-align:center;'><tr style='background-color:#f2f2f2;'><th>Ticker Name</th><th>Status</th><th>Bcast Value</th><th>Timestamp</th></tr><tr><td>bcastTestNifty50</td><td>Updating Broadcast</td><td>24,833.60</td><td>2025-05-29 17:03:42</td></tr><tr><td>bcastTestNifty50</td><td>Broadcast Update Failed</td><td>24,833.60</td><td>2025-05-29 17:03:42</td></tr>
<table border='1' style='border-collapse:collapse;width:60%;text-align:center;'><tr style='background-color:#f2f2f2;'><th>Ticker Name</th><th>Status</th><th>Bcast Value</th><th>Timestamp</th></tr><tr><td>bcastTestNifty50</td><td>Updating Broadcast</td><td>24,833.60</td><td>2025-05-29 17:03:42</td></tr><tr><td>bcastTestNifty50</td><td>Broadcast Update Failed</td><td>24,833.60</td><td>2025-05-29 17:03:42</td></tr><tr><td>bcastTestNifty50</td><td>Broadcast Update Failed</td><td>24,833.60</td><td>2025-05-29 17:03:43</td></tr>
<table border='1' style='border-collapse:collapse;width:60%;text-align:center;'><tr style='background-color:#f2f2f2;'><th>Ticker Name</th><th>Status</th><th>Bcast Value</th><th>Timestamp</th></tr><tr><td>bcastTestNifty50</td><td>Updating Broadcast</td><td>24,833.60</td><td>2025-05-29 17:03:42</td></tr><tr><td>bcastTestNifty50</td><td>Broadcast Update Failed</td><td>24,833.60</td><td>2025-05-29 17:03:42</td></tr><tr><td>bcastTestNifty50</td><td>Broadcast Update Failed</td><td>24,833.60</td><td>2025-05-29 17:03:43</td></tr><tr><td>bcastTestNifty50</td><td>Broadcast Update Failed</td><td>24,833.60</td><td>2025-05-29 17:03:43</td></tr>
<table border='1' style='border-collapse:collapse;width:60%;text-align:center;'><tr style='background-color:#f2f2f2;'><th>Ticker Name</th><th>Status</th><th>Bcast Value</th><th>Timestamp</th></tr><tr><td>bcastTestNifty50</td><td>Updating Broadcast</td><td>24,833.60</td><td>2025-05-29 17:03:42</td></tr><tr><td>bcastTestNifty50</td><td>Broadcast Update Failed</td><td>24,833.60</td><td>2025-05-29 17:03:42</td></tr><tr><td>bcastTestNifty50</td><td>Broadcast Update Failed</td><td>24,833.60</td><td>2025-05-29 17:03:43</td></tr><tr><td>bcastTestNifty50</td><td>Broadcast Update Failed</td><td>24,833.60</td><td>2025-05-29 17:03:43</td></tr></table>]]>
  </system-out>
</testsuite> <!-- nadeem.bcastTest -->
