<?xml version="1.0" encoding="UTF-8"?>
<!-- Generated by org.testng.reporters.JUnitReportReporter -->
<testsuite hostname="MOT-32333-L" failures="0" tests="1" name="nadeem.DDFexceldatacell" time="1.308" errors="0" timestamp="2025-09-15T18:32:18 IST" skipped="0">
  <testcase classname="nadeem.DDFexceldatacell" name="celldataextraction" time="1.308"/>
</testsuite> <!-- nadeem.DDFexceldatacell -->
