<?xml version="1.0" encoding="UTF-8"?>
<!-- Generated by org.testng.reporters.JUnitReportReporter -->
<testsuite hostname="MOT-32333-L" failures="0" tests="1" name="nadeem.demo" time="0.006" errors="0" timestamp="2025-09-09T20:30:17 IST" skipped="0">
  <testcase classname="nadeem.demo" name="test1" time="0.006"/>
</testsuite> <!-- nadeem.demo -->
