<?xml version="1.0" encoding="UTF-8"?>
<!-- Generated by org.testng.reporters.JUnitReportReporter -->
<testsuite hostname="MOT-32333-L" failures="0" tests="1" name="nadeem.NewTest" time="0.070" errors="0" timestamp="2025-04-02T17:00:40 IST" skipped="0">
  <testcase classname="nadeem.NewTest" name="f" time="0.070"/>
</testsuite> <!-- nadeem.NewTest -->
