<?xml version="1.0" encoding="UTF-8"?>
<!-- Generated by org.testng.reporters.JUnitReportReporter -->
<testsuite hostname="MOT-32333-L" failures="0" tests="2" name="nadeem.bcastTest" time="135.518" errors="0" timestamp="2025-04-02T14:57:42 IST" skipped="0">
  <testcase classname="nadeem.bcastTest" name="bcastTestNifty50" time="109.319">
    <system-out>
      <![CDATA[<table border='1' style='border-collapse:collapse;width:60%;text-align:center;'><tr style='background-color:#f2f2f2;'><th>Ticker Name</th><th>Status</th><th>Bcast Value</th><th>Timestamp</th></tr><tr><td>bcastTestNifty50</td><td>Updating Broadcast</td><td>23,286.50</td><td>2025-04-02 14:55:49</td></tr>
<table border='1' style='border-collapse:collapse;width:60%;text-align:center;'><tr style='background-color:#f2f2f2;'><th>Ticker Name</th><th>Status</th><th>Bcast Value</th><th>Timestamp</th></tr><tr><td>bcastTestNifty50</td><td>Updating Broadcast</td><td>23,286.50</td><td>2025-04-02 14:55:49</td></tr><tr><td>bcastTestNifty50</td><td>Updating Broadcast</td><td>23,289.10</td><td>2025-04-02 14:56:18</td></tr>
<table border='1' style='border-collapse:collapse;width:60%;text-align:center;'><tr style='background-color:#f2f2f2;'><th>Ticker Name</th><th>Status</th><th>Bcast Value</th><th>Timestamp</th></tr><tr><td>bcastTestNifty50</td><td>Updating Broadcast</td><td>23,286.50</td><td>2025-04-02 14:55:49</td></tr><tr><td>bcastTestNifty50</td><td>Updating Broadcast</td><td>23,289.10</td><td>2025-04-02 14:56:18</td></tr><tr><td>bcastTestNifty50</td><td>Updating Broadcast</td><td>23,301.65</td><td>2025-04-02 14:56:48</td></tr>
<table border='1' style='border-collapse:collapse;width:60%;text-align:center;'><tr style='background-color:#f2f2f2;'><th>Ticker Name</th><th>Status</th><th>Bcast Value</th><th>Timestamp</th></tr><tr><td>bcastTestNifty50</td><td>Updating Broadcast</td><td>23,286.50</td><td>2025-04-02 14:55:49</td></tr><tr><td>bcastTestNifty50</td><td>Updating Broadcast</td><td>23,289.10</td><td>2025-04-02 14:56:18</td></tr><tr><td>bcastTestNifty50</td><td>Updating Broadcast</td><td>23,301.65</td><td>2025-04-02 14:56:48</td></tr><tr><td>bcastTestNifty50</td><td>Updating Broadcast</td><td>23,302.45</td><td>2025-04-02 14:57:16</td></tr>
<table border='1' style='border-collapse:collapse;width:60%;text-align:center;'><tr style='background-color:#f2f2f2;'><th>Ticker Name</th><th>Status</th><th>Bcast Value</th><th>Timestamp</th></tr><tr><td>bcastTestNifty50</td><td>Updating Broadcast</td><td>23,286.50</td><td>2025-04-02 14:55:49</td></tr><tr><td>bcastTestNifty50</td><td>Updating Broadcast</td><td>23,289.10</td><td>2025-04-02 14:56:18</td></tr><tr><td>bcastTestNifty50</td><td>Updating Broadcast</td><td>23,301.65</td><td>2025-04-02 14:56:48</td></tr><tr><td>bcastTestNifty50</td><td>Updating Broadcast</td><td>23,302.45</td><td>2025-04-02 14:57:16</td></tr></table>]]>
    </system-out>
  </testcase> <!-- bcastTestNifty50 -->
  <testcase classname="nadeem.bcastTest" name="Verify_user_login_and_clicks_on_RDD" time="26.199"/>
  <system-out>
    <![CDATA[<table border='1' style='border-collapse:collapse;width:60%;text-align:center;'><tr style='background-color:#f2f2f2;'><th>Ticker Name</th><th>Status</th><th>Bcast Value</th><th>Timestamp</th></tr><tr><td>bcastTestNifty50</td><td>Updating Broadcast</td><td>23,286.50</td><td>2025-04-02 14:55:49</td></tr>
<table border='1' style='border-collapse:collapse;width:60%;text-align:center;'><tr style='background-color:#f2f2f2;'><th>Ticker Name</th><th>Status</th><th>Bcast Value</th><th>Timestamp</th></tr><tr><td>bcastTestNifty50</td><td>Updating Broadcast</td><td>23,286.50</td><td>2025-04-02 14:55:49</td></tr><tr><td>bcastTestNifty50</td><td>Updating Broadcast</td><td>23,289.10</td><td>2025-04-02 14:56:18</td></tr>
<table border='1' style='border-collapse:collapse;width:60%;text-align:center;'><tr style='background-color:#f2f2f2;'><th>Ticker Name</th><th>Status</th><th>Bcast Value</th><th>Timestamp</th></tr><tr><td>bcastTestNifty50</td><td>Updating Broadcast</td><td>23,286.50</td><td>2025-04-02 14:55:49</td></tr><tr><td>bcastTestNifty50</td><td>Updating Broadcast</td><td>23,289.10</td><td>2025-04-02 14:56:18</td></tr><tr><td>bcastTestNifty50</td><td>Updating Broadcast</td><td>23,301.65</td><td>2025-04-02 14:56:48</td></tr>
<table border='1' style='border-collapse:collapse;width:60%;text-align:center;'><tr style='background-color:#f2f2f2;'><th>Ticker Name</th><th>Status</th><th>Bcast Value</th><th>Timestamp</th></tr><tr><td>bcastTestNifty50</td><td>Updating Broadcast</td><td>23,286.50</td><td>2025-04-02 14:55:49</td></tr><tr><td>bcastTestNifty50</td><td>Updating Broadcast</td><td>23,289.10</td><td>2025-04-02 14:56:18</td></tr><tr><td>bcastTestNifty50</td><td>Updating Broadcast</td><td>23,301.65</td><td>2025-04-02 14:56:48</td></tr><tr><td>bcastTestNifty50</td><td>Updating Broadcast</td><td>23,302.45</td><td>2025-04-02 14:57:16</td></tr>
<table border='1' style='border-collapse:collapse;width:60%;text-align:center;'><tr style='background-color:#f2f2f2;'><th>Ticker Name</th><th>Status</th><th>Bcast Value</th><th>Timestamp</th></tr><tr><td>bcastTestNifty50</td><td>Updating Broadcast</td><td>23,286.50</td><td>2025-04-02 14:55:49</td></tr><tr><td>bcastTestNifty50</td><td>Updating Broadcast</td><td>23,289.10</td><td>2025-04-02 14:56:18</td></tr><tr><td>bcastTestNifty50</td><td>Updating Broadcast</td><td>23,301.65</td><td>2025-04-02 14:56:48</td></tr><tr><td>bcastTestNifty50</td><td>Updating Broadcast</td><td>23,302.45</td><td>2025-04-02 14:57:16</td></tr></table>]]>
  </system-out>
</testsuite> <!-- nadeem.bcastTest -->
