<?xml version="1.0" encoding="UTF-8"?>
<!-- Generated by org.testng.reporters.JUnitReportReporter -->
<testsuite hostname="MOT-32333-L" failures="0" tests="2" name="nadeem.MutualFunds" time="132.603" errors="1" timestamp="2025-08-06T16:31:09 IST" skipped="0">
  <testcase classname="nadeem.MutualFunds" name="Verify_user_login_and_clicks_on_RDD" time="25.313"/>
  <testcase classname="nadeem.MutualFunds" name="MutualfundSanity" time="107.290">
    <error message="An element could not be located on the page using the given search parameters.
For documentation on this error, please visit: https://www.selenium.dev/documentation/webdriver/troubleshooting/errors#no-such-element-exception
Build info: version: &#039;4.12.0&#039;, revision: &#039;249f2a7d1b*&#039;
System info: os.name: &#039;Windows 10&#039;, os.arch: &#039;amd64&#039;, os.version: &#039;10.0&#039;, java.version: &#039;17.0.11&#039;
Driver info: io.appium.java_client.android.AndroidDriver
Command: [3d9da7b0-2c2c-40db-a0d2-d5e97221cced, findElement {using=xpath, value=//android.view.View[contains(@content-desc,&#039;Mutual Funds&#039;)]}]
Capabilities {appium:appActivity: com.mosl.mobile.MainActivity, appium:appPackage: com.mosl.mobile.uat, appium:autoGrantPermissions: true, appium:automationName: UiAutomator2, appium:databaseEnabled: false, appium:desired: {appActivity: com.mosl.mobile.MainActivity, appPackage: com.mosl.mobile.uat, autoGrantPermissions: true, automationName: UiAutomator2, deviceName: CPH2467, noReset: true, platformName: ANDROID, platformVersion: 13, udid: 97957054}, appium:deviceApiLevel: 33, appium:deviceManufacturer: OnePlus, appium:deviceModel: CPH2467, appium:deviceName: 97957054, appium:deviceScreenDensity: 408, appium:deviceScreenSize: 1080x2400, appium:deviceUDID: 97957054, appium:javascriptEnabled: true, appium:locationContextEnabled: false, appium:networkConnectionEnabled: true, appium:noReset: true, appium:pixelRatio: 2.55, appium:platformVersion: 13, appium:statBarHeight: 107, appium:takesScreenshot: true, appium:udid: 97957054, appium:viewportRect: {height: 2074, left: 0, top: 107, width: 1080}, appium:warnings: {}, appium:webStorageEnabled: false, platformName: ANDROID}
Session ID: 3d9da7b0-2c2c-40db-a0d2-d5e97221cced" type="org.openqa.selenium.NoSuchElementException">
      <![CDATA[org.openqa.selenium.NoSuchElementException: An element could not be located on the page using the given search parameters.
For documentation on this error, please visit: https://www.selenium.dev/documentation/webdriver/troubleshooting/errors#no-such-element-exception
Build info: version: '4.12.0', revision: '249f2a7d1b*'
System info: os.name: 'Windows 10', os.arch: 'amd64', os.version: '10.0', java.version: '17.0.11'
Driver info: io.appium.java_client.android.AndroidDriver
Command: [3d9da7b0-2c2c-40db-a0d2-d5e97221cced, findElement {using=xpath, value=//android.view.View[contains(@content-desc,'Mutual Funds')]}]
Capabilities {appium:appActivity: com.mosl.mobile.MainActivity, appium:appPackage: com.mosl.mobile.uat, appium:autoGrantPermissions: true, appium:automationName: UiAutomator2, appium:databaseEnabled: false, appium:desired: {appActivity: com.mosl.mobile.MainActivity, appPackage: com.mosl.mobile.uat, autoGrantPermissions: true, automationName: UiAutomator2, deviceName: CPH2467, noReset: true, platformName: ANDROID, platformVersion: 13, udid: 97957054}, appium:deviceApiLevel: 33, appium:deviceManufacturer: OnePlus, appium:deviceModel: CPH2467, appium:deviceName: 97957054, appium:deviceScreenDensity: 408, appium:deviceScreenSize: 1080x2400, appium:deviceUDID: 97957054, appium:javascriptEnabled: true, appium:locationContextEnabled: false, appium:networkConnectionEnabled: true, appium:noReset: true, appium:pixelRatio: 2.55, appium:platformVersion: 13, appium:statBarHeight: 107, appium:takesScreenshot: true, appium:udid: 97957054, appium:viewportRect: {height: 2074, left: 0, top: 107, width: 1080}, appium:warnings: {}, appium:webStorageEnabled: false, platformName: ANDROID}
Session ID: 3d9da7b0-2c2c-40db-a0d2-d5e97221cced
at java.base/jdk.internal.reflect.NativeConstructorAccessorImpl.newInstance0(Native Method)
at java.base/jdk.internal.reflect.NativeConstructorAccessorImpl.newInstance(NativeConstructorAccessorImpl.java:77)
at java.base/jdk.internal.reflect.DelegatingConstructorAccessorImpl.newInstance(DelegatingConstructorAccessorImpl.java:45)
at java.base/java.lang.reflect.Constructor.newInstanceWithCaller(Constructor.java:499)
at java.base/java.lang.reflect.Constructor.newInstance(Constructor.java:480)
at org.openqa.selenium.remote.codec.w3c.W3CHttpResponseCodec.createException(W3CHttpResponseCodec.java:200)
at org.openqa.selenium.remote.codec.w3c.W3CHttpResponseCodec.decode(W3CHttpResponseCodec.java:133)
at org.openqa.selenium.remote.codec.w3c.W3CHttpResponseCodec.decode(W3CHttpResponseCodec.java:52)
at org.openqa.selenium.remote.HttpCommandExecutor.execute(HttpCommandExecutor.java:191)
at io.appium.java_client.remote.AppiumCommandExecutor.execute(AppiumCommandExecutor.java:250)
at org.openqa.selenium.remote.RemoteWebDriver.execute(RemoteWebDriver.java:602)
at org.openqa.selenium.remote.ElementLocation$ElementFinder$2.findElement(ElementLocation.java:165)
at org.openqa.selenium.remote.ElementLocation.findElement(ElementLocation.java:59)
at org.openqa.selenium.remote.RemoteWebDriver.findElement(RemoteWebDriver.java:359)
at org.openqa.selenium.remote.RemoteWebDriver.findElement(RemoteWebDriver.java:353)
at org.openqa.selenium.support.pagefactory.DefaultElementLocator.findElement(DefaultElementLocator.java:68)
at org.openqa.selenium.support.pagefactory.internal.LocatingElementHandler.invoke(LocatingElementHandler.java:38)
at jdk.proxy2/jdk.proxy2.$Proxy15.click(Unknown Source)
at nadeem.MutualFunds.holdingSummaryOverview(MutualFunds.java:343)
at nadeem.MutualFunds.MutualfundSanity(MutualFunds.java:109)
at java.base/jdk.internal.reflect.NativeMethodAccessorImpl.invoke0(Native Method)
at java.base/jdk.internal.reflect.NativeMethodAccessorImpl.invoke(NativeMethodAccessorImpl.java:77)
at java.base/jdk.internal.reflect.DelegatingMethodAccessorImpl.invoke(DelegatingMethodAccessorImpl.java:43)
at java.base/java.lang.reflect.Method.invoke(Method.java:568)
at org.testng.internal.invokers.MethodInvocationHelper.invokeMethod(MethodInvocationHelper.java:141)
at org.testng.internal.invokers.TestInvoker.invokeMethod(TestInvoker.java:687)
at org.testng.internal.invokers.TestInvoker.invokeTestMethod(TestInvoker.java:230)
at org.testng.internal.invokers.MethodRunner.runInSequence(MethodRunner.java:63)
at org.testng.internal.invokers.TestInvoker$MethodInvocationAgent.invoke(TestInvoker.java:995)
at org.testng.internal.invokers.TestInvoker.invokeTestMethods(TestInvoker.java:203)
at org.testng.internal.invokers.TestMethodWorker.invokeTestMethods(TestMethodWorker.java:154)
at org.testng.internal.invokers.TestMethodWorker.run(TestMethodWorker.java:134)
at java.base/java.util.ArrayList.forEach(ArrayList.java:1511)
at org.testng.TestRunner.privateRun(TestRunner.java:741)
at org.testng.TestRunner.run(TestRunner.java:616)
at org.testng.SuiteRunner.runTest(SuiteRunner.java:421)
at org.testng.SuiteRunner.runSequentially(SuiteRunner.java:413)
at org.testng.SuiteRunner.privateRun(SuiteRunner.java:373)
at org.testng.SuiteRunner.run(SuiteRunner.java:312)
at org.testng.SuiteRunnerWorker.runSuite(SuiteRunnerWorker.java:52)
at org.testng.SuiteRunnerWorker.run(SuiteRunnerWorker.java:95)
at org.testng.TestNG.runSuitesSequentially(TestNG.java:1274)
at org.testng.TestNG.runSuitesLocally(TestNG.java:1208)
at org.testng.TestNG.runSuites(TestNG.java:1112)
at org.testng.TestNG.run(TestNG.java:1079)
at org.testng.remote.AbstractRemoteTestNG.run(AbstractRemoteTestNG.java:115)
at org.testng.remote.RemoteTestNG.initAndRun(RemoteTestNG.java:293)
at org.testng.remote.RemoteTestNG.main(RemoteTestNG.java:91)
]]>
    </error>
    <system-out>
      <![CDATA[<h3>Execution Report</h3>
<table border='1' style='border-collapse: collapse; width: 75%; text-align: center;'>
<tr><th>Sr. No</th><th>Test Case</th><th>Status</th><th>Time Taken (ms)</th></tr>
<tr><td>1</td><td>Mutual Fund View Demat Holdings Returns</td><td style='background-color: green;color: white; font-weight: bold;'>Pass</td><td>2879</td></tr>
<tr><td>2</td><td>Mutual Fund Current Value</td><td style='background-color: green;color: white; font-weight: bold;'>Pass</td><td>5578</td></tr>
<tr><td>3</td><td>Mutual Fund Invest Button</td><td style='background-color: green;color: white; font-weight: bold;'>Pass</td><td>2159</td></tr>
<tr><td>4</td><td>Mutual Fund SIP Place Order</td><td style='background-color: green;color: white; font-weight: bold;'>Pass</td><td>137</td></tr>
<tr><td>5</td><td>Mutual Fund Lumpsum Place Order</td><td style='background-color: green;color: white; font-weight: bold;'>Pass</td><td>1061</td></tr>
<tr><td>6</td><td>Mutual Fund Order Book Buy</td><td style='background-color: green;color: white; font-weight: bold;'>Pass</td><td>942</td></tr>
<tr><td>7</td><td>Mutual Fund Order Book Sips</td><td style='background-color: green;color: white; font-weight: bold;'>Pass</td><td>1326</td></tr>
<tr><td>8</td><td>Mutual Fund Order Book Sell</td><td style='background-color: green;color: white; font-weight: bold;'>Pass</td><td>199</td></tr>
<tr><td>9</td><td>Mutual Fund Order Book Switch</td><td style='background-color: green;color: white; font-weight: bold;'>Pass</td><td>957</td></tr>
<tr><td>10</td><td>Mutual Fund Order Book SWP</td><td style='background-color: green;color: white; font-weight: bold;'>Pass</td><td>697</td></tr>
<tr><td>11</td><td>Mutual Fund Order Book STP</td><td style='background-color: green;color: white; font-weight: bold;'>Pass</td><td>3711</td></tr>
<tr><td>12</td><td>Mutual Funds Portfolio</td><td style='background-color: green;color: white; font-weight: bold;'>Pass</td><td>2222</td></tr>]]>
    </system-out>
  </testcase> <!-- MutualfundSanity -->
  <system-out>
    <![CDATA[<h3>Execution Report</h3>
<table border='1' style='border-collapse: collapse; width: 75%; text-align: center;'>
<tr><th>Sr. No</th><th>Test Case</th><th>Status</th><th>Time Taken (ms)</th></tr>
<tr><td>1</td><td>Mutual Fund View Demat Holdings Returns</td><td style='background-color: green;color: white; font-weight: bold;'>Pass</td><td>2879</td></tr>
<tr><td>2</td><td>Mutual Fund Current Value</td><td style='background-color: green;color: white; font-weight: bold;'>Pass</td><td>5578</td></tr>
<tr><td>3</td><td>Mutual Fund Invest Button</td><td style='background-color: green;color: white; font-weight: bold;'>Pass</td><td>2159</td></tr>
<tr><td>4</td><td>Mutual Fund SIP Place Order</td><td style='background-color: green;color: white; font-weight: bold;'>Pass</td><td>137</td></tr>
<tr><td>5</td><td>Mutual Fund Lumpsum Place Order</td><td style='background-color: green;color: white; font-weight: bold;'>Pass</td><td>1061</td></tr>
<tr><td>6</td><td>Mutual Fund Order Book Buy</td><td style='background-color: green;color: white; font-weight: bold;'>Pass</td><td>942</td></tr>
<tr><td>7</td><td>Mutual Fund Order Book Sips</td><td style='background-color: green;color: white; font-weight: bold;'>Pass</td><td>1326</td></tr>
<tr><td>8</td><td>Mutual Fund Order Book Sell</td><td style='background-color: green;color: white; font-weight: bold;'>Pass</td><td>199</td></tr>
<tr><td>9</td><td>Mutual Fund Order Book Switch</td><td style='background-color: green;color: white; font-weight: bold;'>Pass</td><td>957</td></tr>
<tr><td>10</td><td>Mutual Fund Order Book SWP</td><td style='background-color: green;color: white; font-weight: bold;'>Pass</td><td>697</td></tr>
<tr><td>11</td><td>Mutual Fund Order Book STP</td><td style='background-color: green;color: white; font-weight: bold;'>Pass</td><td>3711</td></tr>
<tr><td>12</td><td>Mutual Funds Portfolio</td><td style='background-color: green;color: white; font-weight: bold;'>Pass</td><td>2222</td></tr>]]>
  </system-out>
</testsuite> <!-- nadeem.MutualFunds -->
